Using pre-set license
Built from '2020.2/staging' branch; Version is '2020.2.7f1 (c53830e277f1) revision 12924976'; Using compiler version '192528614'; Build Type 'Release'
OS: 'Windows 10 Home; OS build 18363.1379; Version 1909; 64bit' Language: 'en' Physical Memory: 8150 MB
BatchMode: 1, IsHumanControllingUs: 0, StartBugReporterOnCrash: 0, Is64bit: 1, IsPro: 0

 COMMAND LINE ARGUMENTS:
C:\Program Files\Unity\Hub\Editor\2020.2.7f1\Editor\Unity.exe
-adb2
-batchMode
-noUpm
-name
AssetImportWorker1
-projectPath
E:/Skola/FMProject-Danilo
-logFile
Logs/AssetImportWorker1.log
-srvPort
59650
Successfully changed project path to: E:/Skola/FMProject-Danilo
E:/Skola/FMProject-Danilo
Using Asset Import Pipeline V2.
Refreshing native plugins compatible for Editor in 1318.07 ms, found 1 plugins.
Preloading 0 native plugins for Editor in 0.00 ms.
Initialize engine version: 2020.2.7f1 (c53830e277f1)
[Subsystems] Discovering subsystems at path C:/Program Files/Unity/Hub/Editor/2020.2.7f1/Editor/Data/Resources/UnitySubsystems
[Subsystems] Discovering subsystems at path E:/Skola/FMProject-Danilo/Assets
GfxDevice: creating device client; threaded=0
Direct3D:
    Version:  Direct3D 11.0 [level 11.1]
    Renderer: NVIDIA GeForce GTX 1050 Ti (ID=0x1c82)
    Vendor:   
    VRAM:     4018 MB
    Driver:   27.21.14.6109
Initialize mono
Mono path[0] = 'C:/Program Files/Unity/Hub/Editor/2020.2.7f1/Editor/Data/Managed'
Mono path[1] = 'C:/Program Files/Unity/Hub/Editor/2020.2.7f1/Editor/Data/MonoBleedingEdge/lib/mono/unityjit'
Mono config path = 'C:/Program Files/Unity/Hub/Editor/2020.2.7f1/Editor/Data/MonoBleedingEdge/etc'
Using monoOptions --debugger-agent=transport=dt_socket,embedding=1,server=y,suspend=n,address=127.0.0.1:56600
Begin MonoManager ReloadAssembly
Registering precompiled unity dll's ...
Register platform support module: C:/Program Files/Unity/Hub/Editor/2020.2.7f1/Editor/Data/PlaybackEngines/WindowsStandaloneSupport/UnityEditor.WindowsStandalone.Extensions.dll
Registered in 0.003406 seconds.
Native extension for WindowsStandalone target not found
Refreshing native plugins compatible for Editor in 119.05 ms, found 1 plugins.
Preloading 0 native plugins for Editor in 0.00 ms.
Invoked RoslynAnalysisRunner static constructor.
RoslynAnalysisRunner will not be running.
RoslynAnalysisRunner has terminated.
Mono: successfully reloaded assembly
- Completed reload, in  2.619 seconds
Platform modules already initialized, skipping
Registering precompiled user dll's ...
Registered in 0.002903 seconds.
Begin MonoManager ReloadAssembly
Native extension for WindowsStandalone target not found
Refreshing native plugins compatible for Editor in 195.85 ms, found 1 plugins.
Preloading 0 native plugins for Editor in 0.00 ms.
Invoked RoslynAnalysisRunner static constructor.
RoslynAnalysisRunner will not be running.
RoslynAnalysisRunner has terminated.
Mono: successfully reloaded assembly
- Completed reload, in  2.322 seconds
Platform modules already initialized, skipping
========================================================================
Worker process is ready to serve import requests
Launched and connected shader compiler UnityShaderCompiler.exe after 0.14 seconds
Refreshing native plugins compatible for Editor in 0.49 ms, found 1 plugins.
Preloading 0 native plugins for Editor in 0.00 ms.
Unloading 1816 Unused Serialized files (Serialized files now loaded: 0)
System memory in use before: 85.1 MB.
System memory in use after: 85.2 MB.

Unloading 19 unused Assets to reduce memory usage. Loaded Objects now: 2263.
Total: 18.115600 ms (FindLiveObjects: 1.572900 ms CreateObjectMapping: 0.349400 ms MarkObjects: 16.094500 ms  DeleteObjects: 0.096400 ms)

========================================================================
Received Import Request.
  path: Assets/Code/Projectile.cs
  artifactKey: Guid(bf546a5503a0c734398c8b9d079c7b72) Importer(815301076,1909f56bfc062723c751e8b465ee728b)
Start importing Assets/Code/Projectile.cs using Guid(bf546a5503a0c734398c8b9d079c7b72) Importer(815301076,1909f56bfc062723c751e8b465ee728b)  -> (artifact id: 'cb1d2ed559bd8b1bc2e293f425afaf41') in 0.123008 seconds
  Import took 0.133303 seconds .

========================================================================
Received Prepare
Registering precompiled user dll's ...
Registered in 0.001244 seconds.
Begin MonoManager ReloadAssembly
Native extension for WindowsStandalone target not found
Refreshing native plugins compatible for Editor in 0.46 ms, found 1 plugins.
Preloading 0 native plugins for Editor in 0.00 ms.
Invoked RoslynAnalysisRunner static constructor.
RoslynAnalysisRunner will not be running.
RoslynAnalysisRunner has terminated.
Mono: successfully reloaded assembly
- Completed reload, in  1.789 seconds
Platform modules already initialized, skipping
Refreshing native plugins compatible for Editor in 0.74 ms, found 1 plugins.
Preloading 0 native plugins for Editor in 0.00 ms.
Unloading 1806 Unused Serialized files (Serialized files now loaded: 0)
System memory in use before: 84.7 MB.
System memory in use after: 84.8 MB.

Unloading 7 unused Assets to reduce memory usage. Loaded Objects now: 2267.
Total: 2.719300 ms (FindLiveObjects: 0.245600 ms CreateObjectMapping: 0.202800 ms MarkObjects: 2.238500 ms  DeleteObjects: 0.029900 ms)

========================================================================
Received Prepare
Registering precompiled user dll's ...
Registered in 0.001270 seconds.
Begin MonoManager ReloadAssembly
Native extension for WindowsStandalone target not found
Refreshing native plugins compatible for Editor in 0.69 ms, found 1 plugins.
Preloading 0 native plugins for Editor in 0.00 ms.
Invoked RoslynAnalysisRunner static constructor.
RoslynAnalysisRunner will not be running.
RoslynAnalysisRunner has terminated.
Mono: successfully reloaded assembly
- Completed reload, in  2.437 seconds
Platform modules already initialized, skipping
Refreshing native plugins compatible for Editor in 3.97 ms, found 1 plugins.
Preloading 0 native plugins for Editor in 0.00 ms.
Unloading 1806 Unused Serialized files (Serialized files now loaded: 0)
System memory in use before: 84.7 MB.
System memory in use after: 84.8 MB.

Unloading 7 unused Assets to reduce memory usage. Loaded Objects now: 2271.
Total: 4.466200 ms (FindLiveObjects: 0.309600 ms CreateObjectMapping: 0.089600 ms MarkObjects: 4.033000 ms  DeleteObjects: 0.031500 ms)

========================================================================
Received Import Request.
  Time since last request: 87.537159 seconds.
  path: Assets/Bullet.prefab
  artifactKey: Guid(ef500eeda47186c48be96bf034b30b5c) Importer(815301076,1909f56bfc062723c751e8b465ee728b)
Start importing Assets/Bullet.prefab using Guid(ef500eeda47186c48be96bf034b30b5c) Importer(815301076,1909f56bfc062723c751e8b465ee728b)  -> (artifact id: '54e6cfa87c9aa0b390c5992e84a94bd3') in 0.249481 seconds
  Import took 0.254215 seconds .

========================================================================
Received Prepare
Registering precompiled user dll's ...
Registered in 0.001314 seconds.
Begin MonoManager ReloadAssembly
Native extension for WindowsStandalone target not found
Refreshing native plugins compatible for Editor in 0.50 ms, found 1 plugins.
Preloading 0 native plugins for Editor in 0.00 ms.
Invoked RoslynAnalysisRunner static constructor.
RoslynAnalysisRunner will not be running.
RoslynAnalysisRunner has terminated.
Mono: successfully reloaded assembly
- Completed reload, in  2.399 seconds
Platform modules already initialized, skipping
Refreshing native plugins compatible for Editor in 0.99 ms, found 1 plugins.
Preloading 0 native plugins for Editor in 0.00 ms.
Unloading 1806 Unused Serialized files (Serialized files now loaded: 0)
System memory in use before: 87.8 MB.
System memory in use after: 87.9 MB.

Unloading 7 unused Assets to reduce memory usage. Loaded Objects now: 2282.
Total: 9.301400 ms (FindLiveObjects: 0.444800 ms CreateObjectMapping: 0.176500 ms MarkObjects: 8.653400 ms  DeleteObjects: 0.024200 ms)

========================================================================
Received Prepare
Registering precompiled user dll's ...
Registered in 0.001310 seconds.
Begin MonoManager ReloadAssembly
Native extension for WindowsStandalone target not found
Refreshing native plugins compatible for Editor in 0.46 ms, found 1 plugins.
Preloading 0 native plugins for Editor in 0.00 ms.
Invoked RoslynAnalysisRunner static constructor.
RoslynAnalysisRunner will not be running.
RoslynAnalysisRunner has terminated.
Mono: successfully reloaded assembly
- Completed reload, in  2.268 seconds
Platform modules already initialized, skipping
Refreshing native plugins compatible for Editor in 0.46 ms, found 1 plugins.
Preloading 0 native plugins for Editor in 0.00 ms.
Unloading 1806 Unused Serialized files (Serialized files now loaded: 0)
System memory in use before: 87.8 MB.
System memory in use after: 88.0 MB.

Unloading 7 unused Assets to reduce memory usage. Loaded Objects now: 2286.
Total: 5.172700 ms (FindLiveObjects: 0.205800 ms CreateObjectMapping: 0.075700 ms MarkObjects: 4.862600 ms  DeleteObjects: 0.026300 ms)

========================================================================
Received Import Request.
  Time since last request: 79.788930 seconds.
  path: Assets/Bullet.prefab
  artifactKey: Guid(ef500eeda47186c48be96bf034b30b5c) Importer(815301076,1909f56bfc062723c751e8b465ee728b)
Start importing Assets/Bullet.prefab using Guid(ef500eeda47186c48be96bf034b30b5c) Importer(815301076,1909f56bfc062723c751e8b465ee728b)  -> (artifact id: 'af184cb7c56eaa2e9db0e232600e35f0') in 0.135360 seconds
  Import took 0.186424 seconds .

========================================================================
Received Prepare
Registering precompiled user dll's ...
Registered in 0.001250 seconds.
Begin MonoManager ReloadAssembly
Native extension for WindowsStandalone target not found
Refreshing native plugins compatible for Editor in 0.67 ms, found 1 plugins.
Preloading 0 native plugins for Editor in 0.00 ms.
Invoked RoslynAnalysisRunner static constructor.
RoslynAnalysisRunner will not be running.
RoslynAnalysisRunner has terminated.
Mono: successfully reloaded assembly
- Completed reload, in  1.670 seconds
Platform modules already initialized, skipping
Refreshing native plugins compatible for Editor in 0.51 ms, found 1 plugins.
Preloading 0 native plugins for Editor in 0.00 ms.
Unloading 1806 Unused Serialized files (Serialized files now loaded: 0)
System memory in use before: 87.9 MB.
System memory in use after: 88.0 MB.

Unloading 7 unused Assets to reduce memory usage. Loaded Objects now: 2291.
Total: 2.639900 ms (FindLiveObjects: 0.230800 ms CreateObjectMapping: 0.103100 ms MarkObjects: 2.276300 ms  DeleteObjects: 0.026600 ms)

========================================================================
Received Import Request.
  Time since last request: 37.776956 seconds.
  path: Assets/Bullet.prefab
  artifactKey: Guid(ef500eeda47186c48be96bf034b30b5c) Importer(815301076,1909f56bfc062723c751e8b465ee728b)
Start importing Assets/Bullet.prefab using Guid(ef500eeda47186c48be96bf034b30b5c) Importer(815301076,1909f56bfc062723c751e8b465ee728b)  -> (artifact id: 'f53544d99e887f656e721010880b9576') in 0.213314 seconds
  Import took 0.222246 seconds .

========================================================================
Received Import Request.
  Time since last request: 0.048752 seconds.
  path: Assets/Bullet.prefab
  artifactKey: Guid(ef500eeda47186c48be96bf034b30b5c) Importer(815301076,1909f56bfc062723c751e8b465ee728b)
Start importing Assets/Bullet.prefab using Guid(ef500eeda47186c48be96bf034b30b5c) Importer(815301076,1909f56bfc062723c751e8b465ee728b)  -> (artifact id: 'f53544d99e887f656e721010880b9576') in 0.043566 seconds
  Import took 0.049860 seconds .

========================================================================
Received Prepare
Registering precompiled user dll's ...
Registered in 0.001730 seconds.
Begin MonoManager ReloadAssembly
Native extension for WindowsStandalone target not found
Refreshing native plugins compatible for Editor in 0.46 ms, found 1 plugins.
Preloading 0 native plugins for Editor in 0.00 ms.
Invoked RoslynAnalysisRunner static constructor.
RoslynAnalysisRunner will not be running.
RoslynAnalysisRunner has terminated.
Mono: successfully reloaded assembly
- Completed reload, in  1.909 seconds
Platform modules already initialized, skipping
Refreshing native plugins compatible for Editor in 0.45 ms, found 1 plugins.
Preloading 0 native plugins for Editor in 0.00 ms.
Unloading 1806 Unused Serialized files (Serialized files now loaded: 0)
System memory in use before: 87.9 MB.
System memory in use after: 88.0 MB.

Unloading 7 unused Assets to reduce memory usage. Loaded Objects now: 2296.
Total: 2.595600 ms (FindLiveObjects: 0.216300 ms CreateObjectMapping: 0.077000 ms MarkObjects: 2.275400 ms  DeleteObjects: 0.024600 ms)

========================================================================
Received Prepare
Registering precompiled user dll's ...
Registered in 0.002082 seconds.
Begin MonoManager ReloadAssembly
Native extension for WindowsStandalone target not found
Refreshing native plugins compatible for Editor in 0.53 ms, found 1 plugins.
Preloading 0 native plugins for Editor in 0.00 ms.
Invoked RoslynAnalysisRunner static constructor.
RoslynAnalysisRunner will not be running.
RoslynAnalysisRunner has terminated.
Mono: successfully reloaded assembly
- Completed reload, in  1.905 seconds
Platform modules already initialized, skipping
Refreshing native plugins compatible for Editor in 0.48 ms, found 1 plugins.
Preloading 0 native plugins for Editor in 0.00 ms.
Unloading 1806 Unused Serialized files (Serialized files now loaded: 0)
System memory in use before: 87.9 MB.
System memory in use after: 88.0 MB.

Unloading 7 unused Assets to reduce memory usage. Loaded Objects now: 2300.
Total: 3.451900 ms (FindLiveObjects: 0.263500 ms CreateObjectMapping: 0.077500 ms MarkObjects: 3.029800 ms  DeleteObjects: 0.078500 ms)

========================================================================
Received Import Request.
  Time since last request: 4609.637461 seconds.
  path: Assets/Code/Boss.cs
  artifactKey: Guid(f4547db1c746152478ac4cb3b47d6968) Importer(815301076,1909f56bfc062723c751e8b465ee728b)
Start importing Assets/Code/Boss.cs using Guid(f4547db1c746152478ac4cb3b47d6968) Importer(815301076,1909f56bfc062723c751e8b465ee728b)  -> (artifact id: '5e62c810059a6400fdb86a5dc698e191') in 0.044301 seconds
  Import took 0.091933 seconds .

========================================================================
Received Import Request.
  Time since last request: 8.918972 seconds.
  path: Assets/Code/RangedEnemy.cs
  artifactKey: Guid(f4547db1c746152478ac4cb3b47d6968) Importer(815301076,1909f56bfc062723c751e8b465ee728b)
Start importing Assets/Code/RangedEnemy.cs using Guid(f4547db1c746152478ac4cb3b47d6968) Importer(815301076,1909f56bfc062723c751e8b465ee728b)  -> (artifact id: '68eaad043ebaa8f7dfd919ff5764f77e') in 0.040040 seconds
  Import took 0.078958 seconds .

========================================================================
Received Prepare
Registering precompiled user dll's ...
Registered in 0.003533 seconds.
Begin MonoManager ReloadAssembly
Native extension for WindowsStandalone target not found
Refreshing native plugins compatible for Editor in 0.69 ms, found 1 plugins.
Preloading 0 native plugins for Editor in 0.00 ms.
Invoked RoslynAnalysisRunner static constructor.
RoslynAnalysisRunner will not be running.
RoslynAnalysisRunner has terminated.
Mono: successfully reloaded assembly
- Completed reload, in  2.326 seconds
Platform modules already initialized, skipping
Refreshing native plugins compatible for Editor in 0.92 ms, found 1 plugins.
Preloading 0 native plugins for Editor in 0.00 ms.
Unloading 1806 Unused Serialized files (Serialized files now loaded: 0)
System memory in use before: 87.9 MB.
System memory in use after: 88.0 MB.

Unloading 7 unused Assets to reduce memory usage. Loaded Objects now: 2304.
Total: 6.199900 ms (FindLiveObjects: 0.348000 ms CreateObjectMapping: 0.097000 ms MarkObjects: 5.726900 ms  DeleteObjects: 0.025500 ms)

========================================================================
Received Prepare
Registering precompiled user dll's ...
Registered in 0.008548 seconds.
Begin MonoManager ReloadAssembly
Native extension for WindowsStandalone target not found
Refreshing native plugins compatible for Editor in 0.55 ms, found 1 plugins.
Preloading 0 native plugins for Editor in 0.00 ms.
Invoked RoslynAnalysisRunner static constructor.
RoslynAnalysisRunner will not be running.
RoslynAnalysisRunner has terminated.
Mono: successfully reloaded assembly
- Completed reload, in  2.448 seconds
Platform modules already initialized, skipping
Refreshing native plugins compatible for Editor in 0.75 ms, found 1 plugins.
Preloading 0 native plugins for Editor in 0.00 ms.
Unloading 1806 Unused Serialized files (Serialized files now loaded: 0)
System memory in use before: 87.9 MB.
System memory in use after: 88.0 MB.

Unloading 7 unused Assets to reduce memory usage. Loaded Objects now: 2308.
Total: 29.842500 ms (FindLiveObjects: 0.205000 ms CreateObjectMapping: 0.077400 ms MarkObjects: 29.533200 ms  DeleteObjects: 0.024600 ms)

========================================================================
Received Import Request.
  Time since last request: 68.039790 seconds.
  path: Assets/Code
  artifactKey: Guid(8df492541c7ba874fa34fce3a1944d43) Importer(815301076,1909f56bfc062723c751e8b465ee728b)
Start importing Assets/Code using Guid(8df492541c7ba874fa34fce3a1944d43) Importer(815301076,1909f56bfc062723c751e8b465ee728b)  -> (artifact id: '63ffd428e04c6adcefd196802deed999') in 0.116475 seconds
  Import took 0.136363 seconds .

========================================================================
Received Import Request.
  Time since last request: 0.000217 seconds.
  path: Assets/Code/RangedEnemy.cs
  artifactKey: Guid(f4547db1c746152478ac4cb3b47d6968) Importer(815301076,1909f56bfc062723c751e8b465ee728b)
Start importing Assets/Code/RangedEnemy.cs using Guid(f4547db1c746152478ac4cb3b47d6968) Importer(815301076,1909f56bfc062723c751e8b465ee728b)  -> (artifact id: '2eef8d1c6ec33051d1aed3b58dec2172') in 0.021248 seconds
  Import took 0.069697 seconds .

========================================================================
Received Import Request.
  Time since last request: 3.001091 seconds.
  path: Assets/Code/BomberEnemy.cs
  artifactKey: Guid(6b91e933254077c48be78bbc8328ec1d) Importer(815301076,1909f56bfc062723c751e8b465ee728b)
Start importing Assets/Code/BomberEnemy.cs using Guid(6b91e933254077c48be78bbc8328ec1d) Importer(815301076,1909f56bfc062723c751e8b465ee728b)  -> (artifact id: 'c49985305414c0e998ecd609105668e5') in 0.057101 seconds
  Import took 0.295723 seconds .

========================================================================
Received Prepare
Registering precompiled user dll's ...
Registered in 0.016304 seconds.
Begin MonoManager ReloadAssembly
Native extension for WindowsStandalone target not found
Refreshing native plugins compatible for Editor in 0.45 ms, found 1 plugins.
Preloading 0 native plugins for Editor in 0.00 ms.
Invoked RoslynAnalysisRunner static constructor.
RoslynAnalysisRunner will not be running.
RoslynAnalysisRunner has terminated.
Mono: successfully reloaded assembly
- Completed reload, in  2.481 seconds
Platform modules already initialized, skipping
Refreshing native plugins compatible for Editor in 0.45 ms, found 1 plugins.
Preloading 0 native plugins for Editor in 0.00 ms.
Unloading 1807 Unused Serialized files (Serialized files now loaded: 0)
System memory in use before: 87.9 MB.
System memory in use after: 88.0 MB.

Unloading 7 unused Assets to reduce memory usage. Loaded Objects now: 2313.
Total: 4.610900 ms (FindLiveObjects: 0.264700 ms CreateObjectMapping: 0.075700 ms MarkObjects: 4.242600 ms  DeleteObjects: 0.025300 ms)

========================================================================
Received Import Request.
  Time since last request: 66.774603 seconds.
  path: Assets/Code/BomberEnemy.cs
  artifactKey: Guid(6b91e933254077c48be78bbc8328ec1d) Importer(815301076,1909f56bfc062723c751e8b465ee728b)
Start importing Assets/Code/BomberEnemy.cs using Guid(6b91e933254077c48be78bbc8328ec1d) Importer(815301076,1909f56bfc062723c751e8b465ee728b)  -> (artifact id: 'f2fa694a4fca54dc29e7424da5b67a32') in 0.009201 seconds
  Import took 0.040527 seconds .

========================================================================
Received Import Request.
  Time since last request: 62.598300 seconds.
  path: Assets/Code/BombProjectile.cs
  artifactKey: Guid(5ae66da3069913e4786560ed25521185) Importer(815301076,1909f56bfc062723c751e8b465ee728b)
Start importing Assets/Code/BombProjectile.cs using Guid(5ae66da3069913e4786560ed25521185) Importer(815301076,1909f56bfc062723c751e8b465ee728b)  -> (artifact id: '087397ceace4196dd7c3ce0e972c4ddd') in 0.021765 seconds
  Import took 0.099666 seconds .

========================================================================
Received Prepare
Registering precompiled user dll's ...
Registered in 0.014743 seconds.
Begin MonoManager ReloadAssembly
Native extension for WindowsStandalone target not found
Refreshing native plugins compatible for Editor in 0.45 ms, found 1 plugins.
Preloading 0 native plugins for Editor in 0.00 ms.
Invoked RoslynAnalysisRunner static constructor.
RoslynAnalysisRunner will not be running.
RoslynAnalysisRunner has terminated.
Mono: successfully reloaded assembly
- Completed reload, in  2.650 seconds
Platform modules already initialized, skipping
Refreshing native plugins compatible for Editor in 0.95 ms, found 1 plugins.
Preloading 0 native plugins for Editor in 0.00 ms.
Unloading 1808 Unused Serialized files (Serialized files now loaded: 0)
System memory in use before: 88.0 MB.
System memory in use after: 88.1 MB.

Unloading 7 unused Assets to reduce memory usage. Loaded Objects now: 2318.
Total: 2.492000 ms (FindLiveObjects: 0.284900 ms CreateObjectMapping: 0.076200 ms MarkObjects: 2.104800 ms  DeleteObjects: 0.023600 ms)

========================================================================
Received Prepare
Registering precompiled user dll's ...
Registered in 0.001414 seconds.
Begin MonoManager ReloadAssembly
Native extension for WindowsStandalone target not found
Refreshing native plugins compatible for Editor in 0.48 ms, found 1 plugins.
Preloading 0 native plugins for Editor in 0.00 ms.
Invoked RoslynAnalysisRunner static constructor.
RoslynAnalysisRunner will not be running.
RoslynAnalysisRunner has terminated.
Mono: successfully reloaded assembly
- Completed reload, in  1.735 seconds
Platform modules already initialized, skipping
Refreshing native plugins compatible for Editor in 0.47 ms, found 1 plugins.
Preloading 0 native plugins for Editor in 0.00 ms.
Unloading 1808 Unused Serialized files (Serialized files now loaded: 0)
System memory in use before: 88.0 MB.
System memory in use after: 88.1 MB.

Unloading 7 unused Assets to reduce memory usage. Loaded Objects now: 2322.
Total: 3.593500 ms (FindLiveObjects: 0.835700 ms CreateObjectMapping: 0.216200 ms MarkObjects: 2.512100 ms  DeleteObjects: 0.027000 ms)

========================================================================
Received Import Request.
  Time since last request: 62.336497 seconds.
  path: Assets/Code/BombProjectile.cs
  artifactKey: Guid(5ae66da3069913e4786560ed25521185) Importer(815301076,1909f56bfc062723c751e8b465ee728b)
Start importing Assets/Code/BombProjectile.cs using Guid(5ae66da3069913e4786560ed25521185) Importer(815301076,1909f56bfc062723c751e8b465ee728b)  -> (artifact id: '26e3bb236d4de2f84c93ac9b551861d0') in 0.010670 seconds
  Import took 0.022558 seconds .

========================================================================
Received Prepare
Registering precompiled user dll's ...
Registered in 0.021039 seconds.
Begin MonoManager ReloadAssembly
Native extension for WindowsStandalone target not found
Refreshing native plugins compatible for Editor in 0.62 ms, found 1 plugins.
Preloading 0 native plugins for Editor in 0.00 ms.
Invoked RoslynAnalysisRunner static constructor.
RoslynAnalysisRunner will not be running.
RoslynAnalysisRunner has terminated.
Mono: successfully reloaded assembly
- Completed reload, in  2.297 seconds
Platform modules already initialized, skipping
Refreshing native plugins compatible for Editor in 0.53 ms, found 1 plugins.
Preloading 0 native plugins for Editor in 0.00 ms.
Unloading 1808 Unused Serialized files (Serialized files now loaded: 0)
System memory in use before: 88.0 MB.
System memory in use after: 88.1 MB.

Unloading 7 unused Assets to reduce memory usage. Loaded Objects now: 2326.
Total: 3.902800 ms (FindLiveObjects: 0.337100 ms CreateObjectMapping: 0.091500 ms MarkObjects: 3.430700 ms  DeleteObjects: 0.041500 ms)

========================================================================
Received Prepare
Registering precompiled user dll's ...
Registered in 0.033645 seconds.
Begin MonoManager ReloadAssembly
Native extension for WindowsStandalone target not found
Refreshing native plugins compatible for Editor in 0.55 ms, found 1 plugins.
Preloading 0 native plugins for Editor in 0.00 ms.
Invoked RoslynAnalysisRunner static constructor.
RoslynAnalysisRunner will not be running.
RoslynAnalysisRunner has terminated.
Mono: successfully reloaded assembly
- Completed reload, in  1.916 seconds
Platform modules already initialized, skipping
Refreshing native plugins compatible for Editor in 0.63 ms, found 1 plugins.
Preloading 0 native plugins for Editor in 0.00 ms.
Unloading 1808 Unused Serialized files (Serialized files now loaded: 0)
System memory in use before: 88.0 MB.
System memory in use after: 88.1 MB.

Unloading 7 unused Assets to reduce memory usage. Loaded Objects now: 2330.
Total: 5.103900 ms (FindLiveObjects: 0.942800 ms CreateObjectMapping: 0.383200 ms MarkObjects: 3.748000 ms  DeleteObjects: 0.027400 ms)

========================================================================
Received Import Request.
  Time since last request: 3857.816503 seconds.
  path: Assets/Code/characterCombat.cs
  artifactKey: Guid(c6ad3fd361a460f46bcaf47e67b2fb10) Importer(815301076,1909f56bfc062723c751e8b465ee728b)
Start importing Assets/Code/characterCombat.cs using Guid(c6ad3fd361a460f46bcaf47e67b2fb10) Importer(815301076,1909f56bfc062723c751e8b465ee728b)  -> (artifact id: 'e9711cd6477f6195fe595a75e14f54db') in 0.069265 seconds
  Import took 0.093860 seconds .

========================================================================
Received Import Request.
  Time since last request: 5.208643 seconds.
  path: Assets/Code/Character.cs
  artifactKey: Guid(a6f17c7d70add1042b595603daf39868) Importer(815301076,1909f56bfc062723c751e8b465ee728b)
Start importing Assets/Code/Character.cs using Guid(a6f17c7d70add1042b595603daf39868) Importer(815301076,1909f56bfc062723c751e8b465ee728b)  -> (artifact id: 'ead7caa7e0b30e9d7945774df0a6abf2') in 0.042313 seconds
  Import took 0.048539 seconds .

========================================================================
Received Import Request.
  Time since last request: 53.975512 seconds.
  path: Assets/Code/Character.cs
  artifactKey: Guid(a6f17c7d70add1042b595603daf39868) Importer(815301076,1909f56bfc062723c751e8b465ee728b)
Start importing Assets/Code/Character.cs using Guid(a6f17c7d70add1042b595603daf39868) Importer(815301076,1909f56bfc062723c751e8b465ee728b)  -> (artifact id: 'd84afc2eacedf0bc05ebf87445ed10aa') in 0.009839 seconds
  Import took 0.027137 seconds .

========================================================================
Received Import Request.
  Time since last request: 8.299911 seconds.
  path: Assets/Code/CharacterHealth.cs
  artifactKey: Guid(a6f17c7d70add1042b595603daf39868) Importer(815301076,1909f56bfc062723c751e8b465ee728b)
Start importing Assets/Code/CharacterHealth.cs using Guid(a6f17c7d70add1042b595603daf39868) Importer(815301076,1909f56bfc062723c751e8b465ee728b)  -> (artifact id: '63809acb28c7429228af693c2a2b199c') in 0.033086 seconds
  Import took 0.042902 seconds .

========================================================================
Received Prepare
Registering precompiled user dll's ...
Registered in 0.005869 seconds.
Begin MonoManager ReloadAssembly
Native extension for WindowsStandalone target not found
Refreshing native plugins compatible for Editor in 0.46 ms, found 1 plugins.
Preloading 0 native plugins for Editor in 0.00 ms.
Invoked RoslynAnalysisRunner static constructor.
RoslynAnalysisRunner will not be running.
RoslynAnalysisRunner has terminated.
Mono: successfully reloaded assembly
- Completed reload, in  1.607 seconds
Platform modules already initialized, skipping
Refreshing native plugins compatible for Editor in 0.44 ms, found 1 plugins.
Preloading 0 native plugins for Editor in 0.00 ms.
Unloading 1808 Unused Serialized files (Serialized files now loaded: 0)
System memory in use before: 88.0 MB.
System memory in use after: 88.1 MB.

Unloading 7 unused Assets to reduce memory usage. Loaded Objects now: 2334.
Total: 3.077500 ms (FindLiveObjects: 0.274200 ms CreateObjectMapping: 0.101400 ms MarkObjects: 2.668500 ms  DeleteObjects: 0.031200 ms)

========================================================================
Received Import Request.
  Time since last request: 79.333630 seconds.
  path: Assets/Player.cs
  artifactKey: Guid(e09098ccb83cbe148aede27d1b0c4f08) Importer(815301076,1909f56bfc062723c751e8b465ee728b)
Start importing Assets/Player.cs using Guid(e09098ccb83cbe148aede27d1b0c4f08) Importer(815301076,1909f56bfc062723c751e8b465ee728b)  -> (artifact id: '31d7ba6f7fcd512fe8001b2ea3a0e5a0') in 0.122136 seconds
  Import took 0.142468 seconds .

========================================================================
Received Prepare
Registering precompiled user dll's ...
Registered in 0.215633 seconds.
Begin MonoManager ReloadAssembly
Native extension for WindowsStandalone target not found
Refreshing native plugins compatible for Editor in 3.15 ms, found 1 plugins.
Preloading 0 native plugins for Editor in 0.00 ms.
Invoked RoslynAnalysisRunner static constructor.
RoslynAnalysisRunner will not be running.
RoslynAnalysisRunner has terminated.
Mono: successfully reloaded assembly
- Completed reload, in  1.760 seconds
Platform modules already initialized, skipping
Refreshing native plugins compatible for Editor in 0.49 ms, found 1 plugins.
Preloading 0 native plugins for Editor in 0.00 ms.
Unloading 1808 Unused Serialized files (Serialized files now loaded: 0)
System memory in use before: 88.0 MB.
System memory in use after: 88.1 MB.

Unloading 7 unused Assets to reduce memory usage. Loaded Objects now: 2338.
Total: 8.848200 ms (FindLiveObjects: 0.215000 ms CreateObjectMapping: 0.076300 ms MarkObjects: 8.527900 ms  DeleteObjects: 0.026600 ms)

========================================================================
Received Import Request.
  Time since last request: 35.867004 seconds.
  path: Assets/movement.cs
  artifactKey: Guid(9f5d86f62c1c3f742ad400ef0b05d623) Importer(815301076,1909f56bfc062723c751e8b465ee728b)
Start importing Assets/movement.cs using Guid(9f5d86f62c1c3f742ad400ef0b05d623) Importer(815301076,1909f56bfc062723c751e8b465ee728b)  -> (artifact id: '875ffb32a5ed5642ea6232e71205a3d1') in 0.078549 seconds
  Import took 0.111761 seconds .

========================================================================
Received Prepare
Registering precompiled user dll's ...
Registered in 0.001351 seconds.
Begin MonoManager ReloadAssembly
Native extension for WindowsStandalone target not found
Refreshing native plugins compatible for Editor in 0.47 ms, found 1 plugins.
Preloading 0 native plugins for Editor in 0.00 ms.
Invoked RoslynAnalysisRunner static constructor.
RoslynAnalysisRunner will not be running.
RoslynAnalysisRunner has terminated.
Mono: successfully reloaded assembly
- Completed reload, in  1.629 seconds
Platform modules already initialized, skipping
Refreshing native plugins compatible for Editor in 0.48 ms, found 1 plugins.
Preloading 0 native plugins for Editor in 0.00 ms.
Unloading 1807 Unused Serialized files (Serialized files now loaded: 0)
System memory in use before: 88.0 MB.
System memory in use after: 88.1 MB.

Unloading 8 unused Assets to reduce memory usage. Loaded Objects now: 2341.
Total: 3.630300 ms (FindLiveObjects: 0.604700 ms CreateObjectMapping: 0.219100 ms MarkObjects: 2.778700 ms  DeleteObjects: 0.024900 ms)

========================================================================
Received Import Request.
  Time since last request: 312.705391 seconds.
  path: Assets/SmoothMovement.cs
  artifactKey: Guid(9f8317968e8612b4a8a33f23d08493cc) Importer(815301076,1909f56bfc062723c751e8b465ee728b)
Start importing Assets/SmoothMovement.cs using Guid(9f8317968e8612b4a8a33f23d08493cc) Importer(815301076,1909f56bfc062723c751e8b465ee728b)  -> (artifact id: '6db771a088bc9ece5a82a7bfefb4927e') in 0.235578 seconds
  Import took 0.262737 seconds .

========================================================================
Received Prepare
Registering precompiled user dll's ...
Registered in 0.008319 seconds.
Begin MonoManager ReloadAssembly
Native extension for WindowsStandalone target not found
Refreshing native plugins compatible for Editor in 0.50 ms, found 1 plugins.
Preloading 0 native plugins for Editor in 0.00 ms.
Invoked RoslynAnalysisRunner static constructor.
RoslynAnalysisRunner will not be running.
RoslynAnalysisRunner has terminated.
Mono: successfully reloaded assembly
- Completed reload, in  2.377 seconds
Platform modules already initialized, skipping
Refreshing native plugins compatible for Editor in 0.46 ms, found 1 plugins.
Preloading 0 native plugins for Editor in 0.00 ms.
Unloading 1808 Unused Serialized files (Serialized files now loaded: 0)
System memory in use before: 88.0 MB.
System memory in use after: 88.1 MB.

Unloading 7 unused Assets to reduce memory usage. Loaded Objects now: 2346.
Total: 2.802500 ms (FindLiveObjects: 0.317900 ms CreateObjectMapping: 0.090800 ms MarkObjects: 2.366300 ms  DeleteObjects: 0.025300 ms)

========================================================================
Received Prepare
Registering precompiled user dll's ...
Registered in 0.005850 seconds.
Begin MonoManager ReloadAssembly
Native extension for WindowsStandalone target not found
Refreshing native plugins compatible for Editor in 0.64 ms, found 1 plugins.
Preloading 0 native plugins for Editor in 0.00 ms.
Invoked RoslynAnalysisRunner static constructor.
RoslynAnalysisRunner will not be running.
RoslynAnalysisRunner has terminated.
Mono: successfully reloaded assembly
- Completed reload, in  1.849 seconds
Platform modules already initialized, skipping
Refreshing native plugins compatible for Editor in 0.50 ms, found 1 plugins.
Preloading 0 native plugins for Editor in 0.00 ms.
Unloading 1808 Unused Serialized files (Serialized files now loaded: 0)
System memory in use before: 88.0 MB.
System memory in use after: 88.1 MB.

Unloading 7 unused Assets to reduce memory usage. Loaded Objects now: 2350.
Total: 12.982200 ms (FindLiveObjects: 6.032900 ms CreateObjectMapping: 0.231100 ms MarkObjects: 6.690300 ms  DeleteObjects: 0.025300 ms)

========================================================================
Received Import Request.
  Time since last request: 172.608762 seconds.
  path: Assets/SmoothMovement.cs
  artifactKey: Guid(9f8317968e8612b4a8a33f23d08493cc) Importer(815301076,1909f56bfc062723c751e8b465ee728b)
Start importing Assets/SmoothMovement.cs using Guid(9f8317968e8612b4a8a33f23d08493cc) Importer(815301076,1909f56bfc062723c751e8b465ee728b)  -> (artifact id: '1ea28065cae98e39c2631146da80badc') in 0.017268 seconds
  Import took 0.022981 seconds .

========================================================================
Received Prepare
Registering precompiled user dll's ...
Registered in 0.001531 seconds.
Begin MonoManager ReloadAssembly
Native extension for WindowsStandalone target not found
Refreshing native plugins compatible for Editor in 0.80 ms, found 1 plugins.
Preloading 0 native plugins for Editor in 0.00 ms.
Invoked RoslynAnalysisRunner static constructor.
RoslynAnalysisRunner will not be running.
RoslynAnalysisRunner has terminated.
Mono: successfully reloaded assembly
- Completed reload, in  2.264 seconds
Platform modules already initialized, skipping
Refreshing native plugins compatible for Editor in 0.49 ms, found 1 plugins.
Preloading 0 native plugins for Editor in 0.00 ms.
Unloading 1808 Unused Serialized files (Serialized files now loaded: 0)
System memory in use before: 88.0 MB.
System memory in use after: 88.2 MB.

Unloading 7 unused Assets to reduce memory usage. Loaded Objects now: 2354.
Total: 3.127700 ms (FindLiveObjects: 0.652100 ms CreateObjectMapping: 0.103300 ms MarkObjects: 2.262600 ms  DeleteObjects: 0.107100 ms)

========================================================================
Received Import Request.
  Time since last request: 152.102282 seconds.
  path: Assets/SmoothMovement.cs
  artifactKey: Guid(9f8317968e8612b4a8a33f23d08493cc) Importer(815301076,1909f56bfc062723c751e8b465ee728b)
Start importing Assets/SmoothMovement.cs using Guid(9f8317968e8612b4a8a33f23d08493cc) Importer(815301076,1909f56bfc062723c751e8b465ee728b)  -> (artifact id: '0e3101436714488a6ee1d8ac3daf5934') in 0.012752 seconds
  Import took 0.051862 seconds .

========================================================================
Received Prepare
Registering precompiled user dll's ...
Registered in 0.001761 seconds.
Begin MonoManager ReloadAssembly
Native extension for WindowsStandalone target not found
Refreshing native plugins compatible for Editor in 0.67 ms, found 1 plugins.
Preloading 0 native plugins for Editor in 0.00 ms.
Invoked RoslynAnalysisRunner static constructor.
RoslynAnalysisRunner will not be running.
RoslynAnalysisRunner has terminated.
Mono: successfully reloaded assembly
- Completed reload, in  1.723 seconds
Platform modules already initialized, skipping
Refreshing native plugins compatible for Editor in 0.74 ms, found 1 plugins.
Preloading 0 native plugins for Editor in 0.00 ms.
Unloading 1808 Unused Serialized files (Serialized files now loaded: 0)
System memory in use before: 88.0 MB.
System memory in use after: 88.2 MB.

Unloading 7 unused Assets to reduce memory usage. Loaded Objects now: 2358.
Total: 2.754900 ms (FindLiveObjects: 0.216900 ms CreateObjectMapping: 0.076300 ms MarkObjects: 2.435500 ms  DeleteObjects: 0.023500 ms)

========================================================================
Received Prepare
Registering precompiled user dll's ...
Registered in 0.002032 seconds.
Begin MonoManager ReloadAssembly
Native extension for WindowsStandalone target not found
Refreshing native plugins compatible for Editor in 0.52 ms, found 1 plugins.
Preloading 0 native plugins for Editor in 0.00 ms.
Invoked RoslynAnalysisRunner static constructor.
RoslynAnalysisRunner will not be running.
RoslynAnalysisRunner has terminated.
Mono: successfully reloaded assembly
- Completed reload, in  1.657 seconds
Platform modules already initialized, skipping
Refreshing native plugins compatible for Editor in 0.58 ms, found 1 plugins.
Preloading 0 native plugins for Editor in 0.00 ms.
Unloading 1808 Unused Serialized files (Serialized files now loaded: 0)
System memory in use before: 88.1 MB.
System memory in use after: 88.2 MB.

Unloading 7 unused Assets to reduce memory usage. Loaded Objects now: 2362.
Total: 2.691200 ms (FindLiveObjects: 0.252100 ms CreateObjectMapping: 0.075700 ms MarkObjects: 2.335500 ms  DeleteObjects: 0.025400 ms)

========================================================================
Received Prepare
Registering precompiled user dll's ...
Registered in 0.001279 seconds.
Begin MonoManager ReloadAssembly
Native extension for WindowsStandalone target not found
Refreshing native plugins compatible for Editor in 0.89 ms, found 1 plugins.
Preloading 0 native plugins for Editor in 0.00 ms.
Invoked RoslynAnalysisRunner static constructor.
RoslynAnalysisRunner will not be running.
RoslynAnalysisRunner has terminated.
Mono: successfully reloaded assembly
- Completed reload, in  1.622 seconds
Platform modules already initialized, skipping
Refreshing native plugins compatible for Editor in 0.67 ms, found 1 plugins.
Preloading 0 native plugins for Editor in 0.00 ms.
Unloading 1808 Unused Serialized files (Serialized files now loaded: 0)
System memory in use before: 88.1 MB.
System memory in use after: 88.2 MB.

Unloading 7 unused Assets to reduce memory usage. Loaded Objects now: 2366.
Total: 3.033400 ms (FindLiveObjects: 0.227300 ms CreateObjectMapping: 0.098200 ms MarkObjects: 2.683200 ms  DeleteObjects: 0.022400 ms)

========================================================================
Received Prepare
Registering precompiled user dll's ...
Registered in 0.001464 seconds.
Begin MonoManager ReloadAssembly
Native extension for WindowsStandalone target not found
Refreshing native plugins compatible for Editor in 2.06 ms, found 1 plugins.
Preloading 0 native plugins for Editor in 0.00 ms.
Invoked RoslynAnalysisRunner static constructor.
RoslynAnalysisRunner will not be running.
RoslynAnalysisRunner has terminated.
Mono: successfully reloaded assembly
- Completed reload, in  2.077 seconds
Platform modules already initialized, skipping
Refreshing native plugins compatible for Editor in 0.56 ms, found 1 plugins.
Preloading 0 native plugins for Editor in 0.00 ms.
Unloading 1808 Unused Serialized files (Serialized files now loaded: 0)
System memory in use before: 88.1 MB.
System memory in use after: 88.2 MB.

Unloading 7 unused Assets to reduce memory usage. Loaded Objects now: 2370.
Total: 5.479300 ms (FindLiveObjects: 0.490200 ms CreateObjectMapping: 0.088600 ms MarkObjects: 4.874800 ms  DeleteObjects: 0.023600 ms)

========================================================================
Received Prepare
Registering precompiled user dll's ...
Registered in 0.001244 seconds.
Begin MonoManager ReloadAssembly
Native extension for WindowsStandalone target not found
Refreshing native plugins compatible for Editor in 0.48 ms, found 1 plugins.
Preloading 0 native plugins for Editor in 0.00 ms.
Invoked RoslynAnalysisRunner static constructor.
RoslynAnalysisRunner will not be running.
RoslynAnalysisRunner has terminated.
Mono: successfully reloaded assembly
- Completed reload, in  1.720 seconds
Platform modules already initialized, skipping
Refreshing native plugins compatible for Editor in 0.47 ms, found 1 plugins.
Preloading 0 native plugins for Editor in 0.00 ms.
Unloading 1808 Unused Serialized files (Serialized files now loaded: 0)
System memory in use before: 88.1 MB.
System memory in use after: 88.2 MB.

Unloading 7 unused Assets to reduce memory usage. Loaded Objects now: 2374.
Total: 8.327000 ms (FindLiveObjects: 0.209800 ms CreateObjectMapping: 0.074800 ms MarkObjects: 8.014200 ms  DeleteObjects: 0.025600 ms)

========================================================================
Received Prepare
Registering precompiled user dll's ...
Registered in 0.003164 seconds.
Begin MonoManager ReloadAssembly
Native extension for WindowsStandalone target not found
Refreshing native plugins compatible for Editor in 0.74 ms, found 1 plugins.
Preloading 0 native plugins for Editor in 0.00 ms.
Invoked RoslynAnalysisRunner static constructor.
RoslynAnalysisRunner will not be running.
RoslynAnalysisRunner has terminated.
Mono: successfully reloaded assembly
- Completed reload, in  2.287 seconds
Platform modules already initialized, skipping
Refreshing native plugins compatible for Editor in 1.46 ms, found 1 plugins.
Preloading 0 native plugins for Editor in 0.00 ms.
Unloading 1808 Unused Serialized files (Serialized files now loaded: 0)
System memory in use before: 88.1 MB.
System memory in use after: 88.2 MB.

Unloading 7 unused Assets to reduce memory usage. Loaded Objects now: 2378.
Total: 4.432100 ms (FindLiveObjects: 0.701700 ms CreateObjectMapping: 0.139900 ms MarkObjects: 3.567900 ms  DeleteObjects: 0.020600 ms)

========================================================================
Received Prepare
Registering precompiled user dll's ...
Registered in 0.001267 seconds.
Begin MonoManager ReloadAssembly
Native extension for WindowsStandalone target not found
Refreshing native plugins compatible for Editor in 0.44 ms, found 1 plugins.
Preloading 0 native plugins for Editor in 0.00 ms.
Invoked RoslynAnalysisRunner static constructor.
RoslynAnalysisRunner will not be running.
RoslynAnalysisRunner has terminated.
Mono: successfully reloaded assembly
- Completed reload, in  1.968 seconds
Platform modules already initialized, skipping
Refreshing native plugins compatible for Editor in 0.47 ms, found 1 plugins.
Preloading 0 native plugins for Editor in 0.00 ms.
Unloading 1808 Unused Serialized files (Serialized files now loaded: 0)
System memory in use before: 88.1 MB.
System memory in use after: 88.2 MB.

Unloading 7 unused Assets to reduce memory usage. Loaded Objects now: 2382.
Total: 3.100600 ms (FindLiveObjects: 0.453300 ms CreateObjectMapping: 0.139700 ms MarkObjects: 2.483400 ms  DeleteObjects: 0.021700 ms)

========================================================================
Received Prepare
Registering precompiled user dll's ...
Registered in 0.002756 seconds.
Begin MonoManager ReloadAssembly
Native extension for WindowsStandalone target not found
Refreshing native plugins compatible for Editor in 0.49 ms, found 1 plugins.
Preloading 0 native plugins for Editor in 0.00 ms.
Invoked RoslynAnalysisRunner static constructor.
RoslynAnalysisRunner will not be running.
RoslynAnalysisRunner has terminated.
Mono: successfully reloaded assembly
- Completed reload, in  1.713 seconds
Platform modules already initialized, skipping
Refreshing native plugins compatible for Editor in 0.44 ms, found 1 plugins.
Preloading 0 native plugins for Editor in 0.00 ms.
Unloading 1808 Unused Serialized files (Serialized files now loaded: 0)
System memory in use before: 88.1 MB.
System memory in use after: 88.2 MB.

Unloading 7 unused Assets to reduce memory usage. Loaded Objects now: 2386.
Total: 3.292400 ms (FindLiveObjects: 0.631700 ms CreateObjectMapping: 0.117400 ms MarkObjects: 2.517700 ms  DeleteObjects: 0.023000 ms)

========================================================================
Received Prepare
Registering precompiled user dll's ...
Registered in 0.001249 seconds.
Begin MonoManager ReloadAssembly
Native extension for WindowsStandalone target not found
Refreshing native plugins compatible for Editor in 1.12 ms, found 1 plugins.
Preloading 0 native plugins for Editor in 0.00 ms.
Invoked RoslynAnalysisRunner static constructor.
RoslynAnalysisRunner will not be running.
RoslynAnalysisRunner has terminated.
Mono: successfully reloaded assembly
- Completed reload, in  1.975 seconds
Platform modules already initialized, skipping
Refreshing native plugins compatible for Editor in 0.77 ms, found 1 plugins.
Preloading 0 native plugins for Editor in 0.00 ms.
Unloading 1808 Unused Serialized files (Serialized files now loaded: 0)
System memory in use before: 88.1 MB.
System memory in use after: 88.2 MB.

Unloading 7 unused Assets to reduce memory usage. Loaded Objects now: 2390.
Total: 3.619600 ms (FindLiveObjects: 0.212200 ms CreateObjectMapping: 0.074700 ms MarkObjects: 2.493300 ms  DeleteObjects: 0.836700 ms)

========================================================================
Received Prepare
Registering precompiled user dll's ...
Registered in 0.002094 seconds.
Begin MonoManager ReloadAssembly
Native extension for WindowsStandalone target not found
Refreshing native plugins compatible for Editor in 2.38 ms, found 1 plugins.
Preloading 0 native plugins for Editor in 0.00 ms.
Invoked RoslynAnalysisRunner static constructor.
RoslynAnalysisRunner will not be running.
RoslynAnalysisRunner has terminated.
Mono: successfully reloaded assembly
- Completed reload, in  2.202 seconds
Platform modules already initialized, skipping
Refreshing native plugins compatible for Editor in 0.52 ms, found 1 plugins.
Preloading 0 native plugins for Editor in 0.00 ms.
Unloading 1808 Unused Serialized files (Serialized files now loaded: 0)
System memory in use before: 88.1 MB.
System memory in use after: 88.2 MB.

Unloading 7 unused Assets to reduce memory usage. Loaded Objects now: 2394.
Total: 3.500500 ms (FindLiveObjects: 0.279200 ms CreateObjectMapping: 0.080200 ms MarkObjects: 3.105400 ms  DeleteObjects: 0.032700 ms)

========================================================================
Received Prepare
Registering precompiled user dll's ...
Registered in 0.004594 seconds.
Begin MonoManager ReloadAssembly
Native extension for WindowsStandalone target not found
Refreshing native plugins compatible for Editor in 0.45 ms, found 1 plugins.
Preloading 0 native plugins for Editor in 0.00 ms.
Invoked RoslynAnalysisRunner static constructor.
RoslynAnalysisRunner will not be running.
RoslynAnalysisRunner has terminated.
Mono: successfully reloaded assembly
- Completed reload, in  2.106 seconds
Platform modules already initialized, skipping
Refreshing native plugins compatible for Editor in 0.45 ms, found 1 plugins.
Preloading 0 native plugins for Editor in 0.00 ms.
Unloading 1808 Unused Serialized files (Serialized files now loaded: 0)
System memory in use before: 88.1 MB.
System memory in use after: 88.2 MB.

Unloading 7 unused Assets to reduce memory usage. Loaded Objects now: 2398.
Total: 3.517700 ms (FindLiveObjects: 0.326800 ms CreateObjectMapping: 0.083400 ms MarkObjects: 3.072800 ms  DeleteObjects: 0.032200 ms)

========================================================================
Received Prepare
Registering precompiled user dll's ...
Registered in 0.001389 seconds.
Begin MonoManager ReloadAssembly
Native extension for WindowsStandalone target not found
Refreshing native plugins compatible for Editor in 2.86 ms, found 1 plugins.
Preloading 0 native plugins for Editor in 0.00 ms.
Invoked RoslynAnalysisRunner static constructor.
RoslynAnalysisRunner will not be running.
RoslynAnalysisRunner has terminated.
Mono: successfully reloaded assembly
- Completed reload, in  3.581 seconds
Platform modules already initialized, skipping
Refreshing native plugins compatible for Editor in 0.94 ms, found 1 plugins.
Preloading 0 native plugins for Editor in 0.00 ms.
Unloading 1808 Unused Serialized files (Serialized files now loaded: 0)
System memory in use before: 88.1 MB.
System memory in use after: 88.3 MB.

Unloading 7 unused Assets to reduce memory usage. Loaded Objects now: 2402.
Total: 4.947700 ms (FindLiveObjects: 0.220500 ms CreateObjectMapping: 0.077900 ms MarkObjects: 4.586300 ms  DeleteObjects: 0.060600 ms)

========================================================================
Received Prepare
Registering precompiled user dll's ...
Registered in 0.001659 seconds.
Begin MonoManager ReloadAssembly
Native extension for WindowsStandalone target not found
Refreshing native plugins compatible for Editor in 3.25 ms, found 1 plugins.
Preloading 0 native plugins for Editor in 0.00 ms.
Invoked RoslynAnalysisRunner static constructor.
RoslynAnalysisRunner will not be running.
RoslynAnalysisRunner has terminated.
Mono: successfully reloaded assembly
- Completed reload, in  1.643 seconds
Platform modules already initialized, skipping
Refreshing native plugins compatible for Editor in 2.15 ms, found 1 plugins.
Preloading 0 native plugins for Editor in 0.00 ms.
Unloading 1808 Unused Serialized files (Serialized files now loaded: 0)
System memory in use before: 88.2 MB.
System memory in use after: 88.3 MB.

Unloading 7 unused Assets to reduce memory usage. Loaded Objects now: 2406.
Total: 2.445800 ms (FindLiveObjects: 0.239500 ms CreateObjectMapping: 0.077100 ms MarkObjects: 2.097300 ms  DeleteObjects: 0.029700 ms)

========================================================================
Received Prepare
Registering precompiled user dll's ...
Registered in 0.001593 seconds.
Begin MonoManager ReloadAssembly
Native extension for WindowsStandalone target not found
Refreshing native plugins compatible for Editor in 0.49 ms, found 1 plugins.
Preloading 0 native plugins for Editor in 0.00 ms.
Invoked RoslynAnalysisRunner static constructor.
RoslynAnalysisRunner will not be running.
RoslynAnalysisRunner has terminated.
Mono: successfully reloaded assembly
- Completed reload, in  1.567 seconds
Platform modules already initialized, skipping
Refreshing native plugins compatible for Editor in 0.70 ms, found 1 plugins.
Preloading 0 native plugins for Editor in 0.00 ms.
Unloading 1808 Unused Serialized files (Serialized files now loaded: 0)
System memory in use before: 88.2 MB.
System memory in use after: 88.3 MB.

Unloading 7 unused Assets to reduce memory usage. Loaded Objects now: 2410.
Total: 2.688000 ms (FindLiveObjects: 0.291500 ms CreateObjectMapping: 0.080800 ms MarkObjects: 2.282300 ms  DeleteObjects: 0.030700 ms)

========================================================================
Received Prepare
Registering precompiled user dll's ...
Registered in 0.001481 seconds.
Begin MonoManager ReloadAssembly
Native extension for WindowsStandalone target not found
Refreshing native plugins compatible for Editor in 0.56 ms, found 1 plugins.
Preloading 0 native plugins for Editor in 0.00 ms.
Invoked RoslynAnalysisRunner static constructor.
RoslynAnalysisRunner will not be running.
RoslynAnalysisRunner has terminated.
Mono: successfully reloaded assembly
- Completed reload, in  1.873 seconds
Platform modules already initialized, skipping
Refreshing native plugins compatible for Editor in 0.44 ms, found 1 plugins.
Preloading 0 native plugins for Editor in 0.00 ms.
Unloading 1808 Unused Serialized files (Serialized files now loaded: 0)
System memory in use before: 88.2 MB.
System memory in use after: 88.3 MB.

Unloading 7 unused Assets to reduce memory usage. Loaded Objects now: 2414.
Total: 3.511400 ms (FindLiveObjects: 0.335500 ms CreateObjectMapping: 0.104900 ms MarkObjects: 3.045800 ms  DeleteObjects: 0.022800 ms)

========================================================================
Received Import Request.
  Time since last request: 3575.726555 seconds.
  path: Assets/BombProjectile.prefab
  artifactKey: Guid(e113185fdfde6ef49932e1c5c8d315c5) Importer(815301076,1909f56bfc062723c751e8b465ee728b)
Start importing Assets/BombProjectile.prefab using Guid(e113185fdfde6ef49932e1c5c8d315c5) Importer(815301076,1909f56bfc062723c751e8b465ee728b)  -> (artifact id: '9cc5efeec880a7ac306be16f4f495daa') in 0.347296 seconds
  Import took 0.364385 seconds .

========================================================================
Received Import Request.
  Time since last request: 9.883205 seconds.
  path: Assets/BombProjectile.prefab
  artifactKey: Guid(e113185fdfde6ef49932e1c5c8d315c5) Importer(815301076,1909f56bfc062723c751e8b465ee728b)
Start importing Assets/BombProjectile.prefab using Guid(e113185fdfde6ef49932e1c5c8d315c5) Importer(815301076,1909f56bfc062723c751e8b465ee728b)  -> (artifact id: '04b4b054c0b3eb5da76da6258732281d') in 0.051105 seconds
  Import took 0.058427 seconds .

========================================================================
Received Import Request.
  Time since last request: 0.002714 seconds.
  path: Assets/BombProjectile.prefab
  artifactKey: Guid(e113185fdfde6ef49932e1c5c8d315c5) Importer(815301076,1909f56bfc062723c751e8b465ee728b)
Start importing Assets/BombProjectile.prefab using Guid(e113185fdfde6ef49932e1c5c8d315c5) Importer(815301076,1909f56bfc062723c751e8b465ee728b)  -> (artifact id: '04b4b054c0b3eb5da76da6258732281d') in 0.051577 seconds
  Import took 0.059841 seconds .

========================================================================
Received Import Request.
  Time since last request: 12.658342 seconds.
  path: Assets/BombProjectile.prefab
  artifactKey: Guid(e113185fdfde6ef49932e1c5c8d315c5) Importer(815301076,1909f56bfc062723c751e8b465ee728b)
Start importing Assets/BombProjectile.prefab using Guid(e113185fdfde6ef49932e1c5c8d315c5) Importer(815301076,1909f56bfc062723c751e8b465ee728b)  -> (artifact id: 'ca2209b8a90f5b112e1f9813ca41bc67') in 0.040197 seconds
  Import took 0.075518 seconds .

========================================================================
Received Import Request.
  Time since last request: 5.785786 seconds.
  path: Assets/BombProjectile.prefab
  artifactKey: Guid(e113185fdfde6ef49932e1c5c8d315c5) Importer(815301076,1909f56bfc062723c751e8b465ee728b)
Start importing Assets/BombProjectile.prefab using Guid(e113185fdfde6ef49932e1c5c8d315c5) Importer(815301076,1909f56bfc062723c751e8b465ee728b)  -> (artifact id: '635beda37f999999d99b3512d803b9a6') in 0.028917 seconds
  Import took 0.038661 seconds .

========================================================================
Received Import Request.
  Time since last request: 4.400226 seconds.
  path: Assets/BombProjectile.prefab
  artifactKey: Guid(e113185fdfde6ef49932e1c5c8d315c5) Importer(815301076,1909f56bfc062723c751e8b465ee728b)
Start importing Assets/BombProjectile.prefab using Guid(e113185fdfde6ef49932e1c5c8d315c5) Importer(815301076,1909f56bfc062723c751e8b465ee728b)  -> (artifact id: '412f03e79b875ef3e672d533c8bfca4d') in 0.064805 seconds
  Import took 0.085926 seconds .

========================================================================
Received Import Request.
  Time since last request: 7.838974 seconds.
  path: Assets/BombProjectile.prefab
  artifactKey: Guid(e113185fdfde6ef49932e1c5c8d315c5) Importer(815301076,1909f56bfc062723c751e8b465ee728b)
Start importing Assets/BombProjectile.prefab using Guid(e113185fdfde6ef49932e1c5c8d315c5) Importer(815301076,1909f56bfc062723c751e8b465ee728b)  -> (artifact id: 'bc1e6fa3ff5076d63ec072a0166f0b38') in 0.037075 seconds
  Import took 0.078258 seconds .

========================================================================
Received Import Request.
  Time since last request: 4.772127 seconds.
  path: Assets/BombProjectile.prefab
  artifactKey: Guid(e113185fdfde6ef49932e1c5c8d315c5) Importer(815301076,1909f56bfc062723c751e8b465ee728b)
Start importing Assets/BombProjectile.prefab using Guid(e113185fdfde6ef49932e1c5c8d315c5) Importer(815301076,1909f56bfc062723c751e8b465ee728b)  -> (artifact id: '3503f817949f954a1420c36df5c52755') in 0.046070 seconds
  Import took 0.057069 seconds .

========================================================================
Received Import Request.
  Time since last request: 3.946028 seconds.
  path: Assets/BombProjectile.prefab
  artifactKey: Guid(e113185fdfde6ef49932e1c5c8d315c5) Importer(815301076,1909f56bfc062723c751e8b465ee728b)
Start importing Assets/BombProjectile.prefab using Guid(e113185fdfde6ef49932e1c5c8d315c5) Importer(815301076,1909f56bfc062723c751e8b465ee728b)  -> (artifact id: '27bdc65ef9dabe83e3f7604f0ff7c10d') in 0.022373 seconds
  Import took 0.042822 seconds .

========================================================================
Received Import Request.
  Time since last request: 6.046894 seconds.
  path: Assets/BombProjectile.prefab
  artifactKey: Guid(e113185fdfde6ef49932e1c5c8d315c5) Importer(815301076,1909f56bfc062723c751e8b465ee728b)
Start importing Assets/BombProjectile.prefab using Guid(e113185fdfde6ef49932e1c5c8d315c5) Importer(815301076,1909f56bfc062723c751e8b465ee728b)  -> (artifact id: 'aec2862db3b45cdb0ac7b52674777ee8') in 0.050508 seconds
  Import took 0.075158 seconds .

========================================================================
Received Import Request.
  Time since last request: 1.999229 seconds.
  path: Assets/BombProjectile.prefab
  artifactKey: Guid(e113185fdfde6ef49932e1c5c8d315c5) Importer(815301076,1909f56bfc062723c751e8b465ee728b)
Start importing Assets/BombProjectile.prefab using Guid(e113185fdfde6ef49932e1c5c8d315c5) Importer(815301076,1909f56bfc062723c751e8b465ee728b)  -> (artifact id: '3143b0e948d4d6387e899f5e92a60f95') in 0.036665 seconds
  Import took 0.044331 seconds .

========================================================================
Received Import Request.
  Time since last request: 12.642361 seconds.
  path: Assets/BombProjectile.prefab
  artifactKey: Guid(e113185fdfde6ef49932e1c5c8d315c5) Importer(815301076,1909f56bfc062723c751e8b465ee728b)
Start importing Assets/BombProjectile.prefab using Guid(e113185fdfde6ef49932e1c5c8d315c5) Importer(815301076,1909f56bfc062723c751e8b465ee728b)  -> (artifact id: '4b43a4f66f84e2a16f0bb3c8c6a6560d') in 0.067550 seconds
  Import took 0.072939 seconds .

========================================================================
Received Import Request.
  Time since last request: 0.035686 seconds.
  path: Assets/BombProjectile.prefab
  artifactKey: Guid(e113185fdfde6ef49932e1c5c8d315c5) Importer(815301076,1909f56bfc062723c751e8b465ee728b)
Start importing Assets/BombProjectile.prefab using Guid(e113185fdfde6ef49932e1c5c8d315c5) Importer(815301076,1909f56bfc062723c751e8b465ee728b)  -> (artifact id: '4b43a4f66f84e2a16f0bb3c8c6a6560d') in 0.044839 seconds
  Import took 0.052805 seconds .

========================================================================
Received Import Request.
  Time since last request: 4.640205 seconds.
  path: Assets/BombProjectile.prefab
  artifactKey: Guid(e113185fdfde6ef49932e1c5c8d315c5) Importer(815301076,1909f56bfc062723c751e8b465ee728b)
Start importing Assets/BombProjectile.prefab using Guid(e113185fdfde6ef49932e1c5c8d315c5) Importer(815301076,1909f56bfc062723c751e8b465ee728b)  -> (artifact id: 'e91656c602b66ba877af180c28dc5fc8') in 0.030847 seconds
  Import took 0.036581 seconds .

========================================================================
Received Import Request.
  Time since last request: 0.052090 seconds.
  path: Assets/BombProjectile.prefab
  artifactKey: Guid(e113185fdfde6ef49932e1c5c8d315c5) Importer(815301076,1909f56bfc062723c751e8b465ee728b)
Start importing Assets/BombProjectile.prefab using Guid(e113185fdfde6ef49932e1c5c8d315c5) Importer(815301076,1909f56bfc062723c751e8b465ee728b)  -> (artifact id: 'e91656c602b66ba877af180c28dc5fc8') in 0.042303 seconds
  Import took 0.047586 seconds .

========================================================================
Received Import Request.
  Time since last request: 10.003393 seconds.
  path: Assets/BombProjectile.prefab
  artifactKey: Guid(e113185fdfde6ef49932e1c5c8d315c5) Importer(815301076,1909f56bfc062723c751e8b465ee728b)
Start importing Assets/BombProjectile.prefab using Guid(e113185fdfde6ef49932e1c5c8d315c5) Importer(815301076,1909f56bfc062723c751e8b465ee728b)  -> (artifact id: '062823bef957298bd349aaccefd2b9be') in 0.037972 seconds
  Import took 0.049497 seconds .

========================================================================
Received Import Request.
  Time since last request: 4.835520 seconds.
  path: Assets/Bullet.prefab
  artifactKey: Guid(ef500eeda47186c48be96bf034b30b5c) Importer(815301076,1909f56bfc062723c751e8b465ee728b)
Start importing Assets/Bullet.prefab using Guid(ef500eeda47186c48be96bf034b30b5c) Importer(815301076,1909f56bfc062723c751e8b465ee728b)  -> (artifact id: 'f0953d6424fae40bd5a16aef60255183') in 0.041659 seconds
  Import took 0.046473 seconds .

========================================================================
Received Prepare
Registering precompiled user dll's ...
Registered in 0.001811 seconds.
Begin MonoManager ReloadAssembly
Native extension for WindowsStandalone target not found
Refreshing native plugins compatible for Editor in 2.78 ms, found 1 plugins.
Preloading 0 native plugins for Editor in 0.00 ms.
Invoked RoslynAnalysisRunner static constructor.
RoslynAnalysisRunner will not be running.
RoslynAnalysisRunner has terminated.
Mono: successfully reloaded assembly
- Completed reload, in  1.928 seconds
Platform modules already initialized, skipping
Refreshing native plugins compatible for Editor in 0.77 ms, found 1 plugins.
Preloading 0 native plugins for Editor in 0.00 ms.
Unloading 1808 Unused Serialized files (Serialized files now loaded: 0)
System memory in use before: 88.2 MB.
System memory in use after: 88.3 MB.

Unloading 7 unused Assets to reduce memory usage. Loaded Objects now: 2419.
Total: 2.852100 ms (FindLiveObjects: 0.286600 ms CreateObjectMapping: 0.105900 ms MarkObjects: 2.435400 ms  DeleteObjects: 0.022000 ms)

========================================================================
Received Import Request.
  Time since last request: 54.523783 seconds.
  path: Assets/BombProjectile.prefab
  artifactKey: Guid(e113185fdfde6ef49932e1c5c8d315c5) Importer(815301076,1909f56bfc062723c751e8b465ee728b)
Start importing Assets/BombProjectile.prefab using Guid(e113185fdfde6ef49932e1c5c8d315c5) Importer(815301076,1909f56bfc062723c751e8b465ee728b)  -> (artifact id: '8cf3c0729dee4d34b870912053ddc0fd') in 0.158915 seconds
  Import took 0.186499 seconds .

========================================================================
Received Prepare
Registering precompiled user dll's ...
Registered in 0.004748 seconds.
Begin MonoManager ReloadAssembly
Native extension for WindowsStandalone target not found
Refreshing native plugins compatible for Editor in 1.73 ms, found 1 plugins.
Preloading 0 native plugins for Editor in 0.00 ms.
Invoked RoslynAnalysisRunner static constructor.
RoslynAnalysisRunner will not be running.
RoslynAnalysisRunner has terminated.
Mono: successfully reloaded assembly
- Completed reload, in  3.305 seconds
Platform modules already initialized, skipping
Refreshing native plugins compatible for Editor in 1.78 ms, found 1 plugins.
Preloading 0 native plugins for Editor in 0.00 ms.
Unloading 1808 Unused Serialized files (Serialized files now loaded: 0)
System memory in use before: 88.2 MB.
System memory in use after: 88.3 MB.

Unloading 7 unused Assets to reduce memory usage. Loaded Objects now: 2424.
Total: 4.861400 ms (FindLiveObjects: 0.232000 ms CreateObjectMapping: 0.078300 ms MarkObjects: 4.525900 ms  DeleteObjects: 0.022900 ms)

========================================================================
Received Import Request.
  Time since last request: 16.251852 seconds.
  path: Assets/BombProjectile.prefab
  artifactKey: Guid(e113185fdfde6ef49932e1c5c8d315c5) Importer(815301076,1909f56bfc062723c751e8b465ee728b)
Start importing Assets/BombProjectile.prefab using Guid(e113185fdfde6ef49932e1c5c8d315c5) Importer(815301076,1909f56bfc062723c751e8b465ee728b)  -> (artifact id: 'b962258d088cc464ac5f179d4f1b7e76') in 0.218227 seconds
  Import took 0.230251 seconds .

========================================================================
Received Prepare
Registering precompiled user dll's ...
Registered in 0.001648 seconds.
Begin MonoManager ReloadAssembly
Native extension for WindowsStandalone target not found
Refreshing native plugins compatible for Editor in 0.45 ms, found 1 plugins.
Preloading 0 native plugins for Editor in 0.00 ms.
Invoked RoslynAnalysisRunner static constructor.
RoslynAnalysisRunner will not be running.
RoslynAnalysisRunner has terminated.
Mono: successfully reloaded assembly
- Completed reload, in  1.676 seconds
Platform modules already initialized, skipping
Refreshing native plugins compatible for Editor in 0.45 ms, found 1 plugins.
Preloading 0 native plugins for Editor in 0.00 ms.
Unloading 1808 Unused Serialized files (Serialized files now loaded: 0)
System memory in use before: 88.2 MB.
System memory in use after: 88.3 MB.

Unloading 7 unused Assets to reduce memory usage. Loaded Objects now: 2429.
Total: 2.670500 ms (FindLiveObjects: 0.285500 ms CreateObjectMapping: 0.077200 ms MarkObjects: 2.282500 ms  DeleteObjects: 0.023300 ms)

========================================================================
Received Import Request.
  Time since last request: 33.352362 seconds.
  path: Assets/BombProjectile.prefab
  artifactKey: Guid(e113185fdfde6ef49932e1c5c8d315c5) Importer(815301076,1909f56bfc062723c751e8b465ee728b)
Start importing Assets/BombProjectile.prefab using Guid(e113185fdfde6ef49932e1c5c8d315c5) Importer(815301076,1909f56bfc062723c751e8b465ee728b)  -> (artifact id: '7e85e1446e933d846b994e8a7c6167cf') in 0.156091 seconds
  Import took 0.161160 seconds .

