Using pre-set license
Built from '2020.2/staging' branch; Version is '2020.2.7f1 (c53830e277f1) revision 12924976'; Using compiler version '192528614'; Build Type 'Release'
OS: 'Windows 10 Enterprise; OS build 18363.1443; Version 1909; 64bit' Language: 'en' Physical Memory: 16332 MB
BatchMode: 1, IsHumanControllingUs: 0, StartBugReporterOnCrash: 0, Is64bit: 1, IsPro: 0

 COMMAND LINE ARGUMENTS:
C:\Program Files\Unity\Hub\Editor\2020.2.7f1\Editor\Unity.exe
-adb2
-batchMode
-noUpm
-name
AssetImportWorker0
-projectPath
D:/Danilo/FMProject-Danilo
-logFile
Logs/AssetImportWorker0.log
-srvPort
50627
Successfully changed project path to: D:/Danilo/FMProject-Danilo
D:/Danilo/FMProject-Danilo
Using Asset Import Pipeline V2.
Refreshing native plugins compatible for Editor in 33.11 ms, found 1 plugins.
Preloading 0 native plugins for Editor in 0.00 ms.
Initialize engine version: 2020.2.7f1 (c53830e277f1)
[Subsystems] Discovering subsystems at path C:/Program Files/Unity/Hub/Editor/2020.2.7f1/Editor/Data/Resources/UnitySubsystems
[Subsystems] Discovering subsystems at path D:/Danilo/FMProject-Danilo/Assets
GfxDevice: creating device client; threaded=0
Direct3D:
    Version:  Direct3D 11.0 [level 11.1]
    Renderer: NVIDIA GeForce GTX 1660 (ID=0x2184)
    Vendor:   
    VRAM:     5991 MB
    Driver:   27.21.14.5167
Initialize mono
Mono path[0] = 'C:/Program Files/Unity/Hub/Editor/2020.2.7f1/Editor/Data/Managed'
Mono path[1] = 'C:/Program Files/Unity/Hub/Editor/2020.2.7f1/Editor/Data/MonoBleedingEdge/lib/mono/unityjit'
Mono config path = 'C:/Program Files/Unity/Hub/Editor/2020.2.7f1/Editor/Data/MonoBleedingEdge/etc'
Using monoOptions --debugger-agent=transport=dt_socket,embedding=1,server=y,suspend=n,address=127.0.0.1:56576
Begin MonoManager ReloadAssembly
Registering precompiled unity dll's ...
Register platform support module: C:/Program Files/Unity/Hub/Editor/2020.2.7f1/Editor/Data/PlaybackEngines/WindowsStandaloneSupport/UnityEditor.WindowsStandalone.Extensions.dll
Registered in 0.001140 seconds.
Native extension for WindowsStandalone target not found
Refreshing native plugins compatible for Editor in 32.52 ms, found 1 plugins.
Preloading 0 native plugins for Editor in 0.00 ms.
Invoked RoslynAnalysisRunner static constructor.
RoslynAnalysisRunner will not be running.
RoslynAnalysisRunner has terminated.
Mono: successfully reloaded assembly
- Completed reload, in  0.972 seconds
Platform modules already initialized, skipping
Registering precompiled user dll's ...
Registered in 0.000940 seconds.
Begin MonoManager ReloadAssembly
Native extension for WindowsStandalone target not found
Refreshing native plugins compatible for Editor in 32.95 ms, found 1 plugins.
Preloading 0 native plugins for Editor in 0.00 ms.
Invoked RoslynAnalysisRunner static constructor.
RoslynAnalysisRunner will not be running.
RoslynAnalysisRunner has terminated.
Mono: successfully reloaded assembly
- Completed reload, in  0.822 seconds
Platform modules already initialized, skipping
========================================================================
Worker process is ready to serve import requests
Launched and connected shader compiler UnityShaderCompiler.exe after 0.04 seconds
Refreshing native plugins compatible for Editor in 0.34 ms, found 1 plugins.
Preloading 0 native plugins for Editor in 0.00 ms.
Unloading 1834 Unused Serialized files (Serialized files now loaded: 0)
System memory in use before: 85.6 MB.
System memory in use after: 85.7 MB.

Unloading 19 unused Assets to reduce memory usage. Loaded Objects now: 2284.
Total: 1.703100 ms (FindLiveObjects: 0.154500 ms CreateObjectMapping: 0.065300 ms MarkObjects: 1.425600 ms  DeleteObjects: 0.056800 ms)

========================================================================
Received Import Request.
  path: Assets/Danilo Assets/Sprites/PlayerSprites/SwordSprites/Character up sprite Weapons.png
  artifactKey: Guid(f33467052fa387f4f9f146e08e7446a1) Importer(815301076,1909f56bfc062723c751e8b465ee728b)
Start importing Assets/Danilo Assets/Sprites/PlayerSprites/SwordSprites/Character up sprite Weapons.png using Guid(f33467052fa387f4f9f146e08e7446a1) Importer(815301076,1909f56bfc062723c751e8b465ee728b)  -> (artifact id: 'dd680d4866644cd3532c2900d467ed2b') in 0.119306 seconds
  Import took 0.125661 seconds .

========================================================================
Received Import Request.
  Time since last request: 0.000250 seconds.
  path: Assets/Danilo Assets/Sprites/PlayerSprites/SwordSprites
  artifactKey: Guid(093ca21370bf1d24da164710a885260a) Importer(815301076,1909f56bfc062723c751e8b465ee728b)
Start importing Assets/Danilo Assets/Sprites/PlayerSprites/SwordSprites using Guid(093ca21370bf1d24da164710a885260a) Importer(815301076,1909f56bfc062723c751e8b465ee728b)  -> (artifact id: '005a725de8d7449a2ff116f7901ad2df') in 0.003893 seconds
  Import took 0.006379 seconds .

========================================================================
Received Import Request.
  Time since last request: 0.000235 seconds.
  path: Assets/Danilo Assets/Sprites/PlayerSprites/SwordSprites/Character Sword Stationary - Left.png
  artifactKey: Guid(a3e6f1d38747df24489971ba2edef861) Importer(815301076,1909f56bfc062723c751e8b465ee728b)
Start importing Assets/Danilo Assets/Sprites/PlayerSprites/SwordSprites/Character Sword Stationary - Left.png using Guid(a3e6f1d38747df24489971ba2edef861) Importer(815301076,1909f56bfc062723c751e8b465ee728b)  -> (artifact id: 'e838c329ac9e20cf083330c1c07814c1') in 0.018697 seconds
  Import took 0.021283 seconds .

========================================================================
Received Import Request.
  Time since last request: 0.000196 seconds.
  path: Assets/Danilo Assets/Sprites/PlayerSprites/SwordSprites/Character Sprite right swords.png
  artifactKey: Guid(456629a6d2d148d4d838840f361af82a) Importer(815301076,1909f56bfc062723c751e8b465ee728b)
Start importing Assets/Danilo Assets/Sprites/PlayerSprites/SwordSprites/Character Sprite right swords.png using Guid(456629a6d2d148d4d838840f361af82a) Importer(815301076,1909f56bfc062723c751e8b465ee728b)  -> (artifact id: '3c868c64c3efe35a833c13d00fc1f44e') in 0.016556 seconds
  Import took 0.019143 seconds .

========================================================================
Received Import Request.
  Time since last request: 0.000202 seconds.
  path: Assets/Danilo Assets/Sprites/PlayerSprites/SwordSprites/Character Sword Stationary - Up.png
  artifactKey: Guid(07dafbf9dd4c0374bb7eb25e90ba27eb) Importer(815301076,1909f56bfc062723c751e8b465ee728b)
Start importing Assets/Danilo Assets/Sprites/PlayerSprites/SwordSprites/Character Sword Stationary - Up.png using Guid(07dafbf9dd4c0374bb7eb25e90ba27eb) Importer(815301076,1909f56bfc062723c751e8b465ee728b)  -> (artifact id: '7705dcb36091c1cd5dde95d9d6e585da') in 0.015176 seconds
  Import took 0.017793 seconds .

========================================================================
Received Import Request.
  Time since last request: 0.000186 seconds.
  path: Assets/Danilo Assets/Sprites/PlayerSprites
  artifactKey: Guid(4388bee56b26165439508f0234e14833) Importer(815301076,1909f56bfc062723c751e8b465ee728b)
Start importing Assets/Danilo Assets/Sprites/PlayerSprites using Guid(4388bee56b26165439508f0234e14833) Importer(815301076,1909f56bfc062723c751e8b465ee728b)  -> (artifact id: '3c76a0adcedea6318ff19592bb26a0fe') in 0.003997 seconds
  Import took 0.006435 seconds .

========================================================================
Received Import Request.
  Time since last request: 0.000209 seconds.
  path: Assets/Danilo Assets/Sprites/PlayerSprites/SwordSprites/Character Sword Stationary.png
  artifactKey: Guid(95548e618f0f3b040a88edea1dd66991) Importer(815301076,1909f56bfc062723c751e8b465ee728b)
Start importing Assets/Danilo Assets/Sprites/PlayerSprites/SwordSprites/Character Sword Stationary.png using Guid(95548e618f0f3b040a88edea1dd66991) Importer(815301076,1909f56bfc062723c751e8b465ee728b)  -> (artifact id: 'a4dc51483a59873d92165fb1b86e2c1a') in 0.015245 seconds
  Import took 0.028336 seconds .

========================================================================
Received Import Request.
  Time since last request: 0.000478 seconds.
  path: Assets/Danilo Assets/Sprites/PlayerSprites/SwordSprites/Character down sprite Swords.png
  artifactKey: Guid(b09532a3a886a3e4187aeb27f47e7fab) Importer(815301076,1909f56bfc062723c751e8b465ee728b)
Start importing Assets/Danilo Assets/Sprites/PlayerSprites/SwordSprites/Character down sprite Swords.png using Guid(b09532a3a886a3e4187aeb27f47e7fab) Importer(815301076,1909f56bfc062723c751e8b465ee728b)  -> (artifact id: '4a47dc4d2cae1d550fb7e211112cd619') in 0.036726 seconds
  Import took 0.041176 seconds .

========================================================================
Received Import Request.
  Time since last request: 0.000212 seconds.
  path: Assets/Danilo Assets/Sprites/SpeedItemUPG.prefab
  artifactKey: Guid(a90dd1785dac21b4ab2828cdaf51b0bf) Importer(815301076,1909f56bfc062723c751e8b465ee728b)
Start importing Assets/Danilo Assets/Sprites/SpeedItemUPG.prefab using Guid(a90dd1785dac21b4ab2828cdaf51b0bf) Importer(815301076,1909f56bfc062723c751e8b465ee728b)  -> (artifact id: '44f57d783557c12796c8cfa04131449a') in 0.047746 seconds
  Import took 0.050960 seconds .

========================================================================
Received Import Request.
  Time since last request: 0.000292 seconds.
  path: Assets/Danilo Assets/Sprites/PlayerSprites/SwordSprites/Character Swords Stationary - Down.png
  artifactKey: Guid(04f3d779f8633634e8c110eb90e0a6db) Importer(815301076,1909f56bfc062723c751e8b465ee728b)
Start importing Assets/Danilo Assets/Sprites/PlayerSprites/SwordSprites/Character Swords Stationary - Down.png using Guid(04f3d779f8633634e8c110eb90e0a6db) Importer(815301076,1909f56bfc062723c751e8b465ee728b)  -> (artifact id: '8ffabd8edd111f4cd3127afe562f9fec') in 0.014349 seconds
  Import took 0.017488 seconds .

========================================================================
Received Import Request.
  Time since last request: 0.000191 seconds.
  path: Assets/Danilo Assets/Sprites/PlayerSprites/SwordSprites/Character Sprite Sword Walking - Left.png
  artifactKey: Guid(c8ad8e6d849959043ba6ea3f9f83fbdf) Importer(815301076,1909f56bfc062723c751e8b465ee728b)
Start importing Assets/Danilo Assets/Sprites/PlayerSprites/SwordSprites/Character Sprite Sword Walking - Left.png using Guid(c8ad8e6d849959043ba6ea3f9f83fbdf) Importer(815301076,1909f56bfc062723c751e8b465ee728b)  -> (artifact id: '08c97c4c1f8f73e1229f9e6b81380d86') in 0.016976 seconds
  Import took 0.019725 seconds .

========================================================================
Received Prepare
Registering precompiled user dll's ...
Registered in 0.000980 seconds.
Begin MonoManager ReloadAssembly
Native extension for WindowsStandalone target not found
Refreshing native plugins compatible for Editor in 0.33 ms, found 1 plugins.
Preloading 0 native plugins for Editor in 0.00 ms.
Invoked RoslynAnalysisRunner static constructor.
RoslynAnalysisRunner will not be running.
RoslynAnalysisRunner has terminated.
Mono: successfully reloaded assembly
- Completed reload, in  0.773 seconds
Platform modules already initialized, skipping
Refreshing native plugins compatible for Editor in 0.35 ms, found 1 plugins.
Preloading 0 native plugins for Editor in 0.00 ms.
Unloading 1824 Unused Serialized files (Serialized files now loaded: 0)
System memory in use before: 88.3 MB.
System memory in use after: 88.4 MB.

Unloading 7 unused Assets to reduce memory usage. Loaded Objects now: 2308.
Total: 1.892900 ms (FindLiveObjects: 0.185800 ms CreateObjectMapping: 0.076700 ms MarkObjects: 1.609700 ms  DeleteObjects: 0.019900 ms)

========================================================================
Received Import Request.
  Time since last request: 234.134543 seconds.
  path: Assets/Danilo Assets/da2plgi-c8b8edcc-3cdc-432c-b2bf-02c7d72f5afb.gif
  artifactKey: Guid(93d888eaf76f628499bd86b2a2cf3b9a) Importer(815301076,1909f56bfc062723c751e8b465ee728b)
Start importing Assets/Danilo Assets/da2plgi-c8b8edcc-3cdc-432c-b2bf-02c7d72f5afb.gif using Guid(93d888eaf76f628499bd86b2a2cf3b9a) Importer(815301076,1909f56bfc062723c751e8b465ee728b)  -> (artifact id: '7f5e19adab43aa13f9830dc442bf0948') in 0.049309 seconds
  Import took 0.052234 seconds .

========================================================================
Received Import Request.
  Time since last request: 0.000181 seconds.
  path: Assets/Danilo Assets/TeleportPrefab.prefab
  artifactKey: Guid(c2a250a05beabc144907b1f1918804ec) Importer(815301076,1909f56bfc062723c751e8b465ee728b)
Start importing Assets/Danilo Assets/TeleportPrefab.prefab using Guid(c2a250a05beabc144907b1f1918804ec) Importer(815301076,1909f56bfc062723c751e8b465ee728b)  -> (artifact id: '2034a5e0bae9db225dcfbe12ba40364d') in 0.026499 seconds
  Import took 0.029317 seconds .

========================================================================
Received Import Request.
  Time since last request: 0.000172 seconds.
  path: Assets/Danilo Assets/da2plgi-c8b8edcc-3cdc-432c-b2bf-02c7d72f5afb.gif
  artifactKey: Guid(93d888eaf76f628499bd86b2a2cf3b9a) Importer(815301076,1909f56bfc062723c751e8b465ee728b)
Start importing Assets/Danilo Assets/da2plgi-c8b8edcc-3cdc-432c-b2bf-02c7d72f5afb.gif using Guid(93d888eaf76f628499bd86b2a2cf3b9a) Importer(815301076,1909f56bfc062723c751e8b465ee728b)  -> (artifact id: '7f5e19adab43aa13f9830dc442bf0948') in 0.010476 seconds
  Import took 0.013292 seconds .

========================================================================
Received Import Request.
  Time since last request: 5.493184 seconds.
  path: Assets/Danilo Assets/Code/RandomEnemySpawner.cs
  artifactKey: Guid(cd9ce8f266e35d9418f17c25e8030255) Importer(815301076,1909f56bfc062723c751e8b465ee728b)
Start importing Assets/Danilo Assets/Code/RandomEnemySpawner.cs using Guid(cd9ce8f266e35d9418f17c25e8030255) Importer(815301076,1909f56bfc062723c751e8b465ee728b)  -> (artifact id: 'c01992b49e2a142386734e661da67e69') in 0.016205 seconds
  Import took 0.019096 seconds .

========================================================================
Received Import Request.
  Time since last request: 0.000642 seconds.
  path: Assets/Danilo Assets/Code/RandomEnemySpawner.cs
  artifactKey: Guid(cd9ce8f266e35d9418f17c25e8030255) Importer(815301076,1909f56bfc062723c751e8b465ee728b)
Start importing Assets/Danilo Assets/Code/RandomEnemySpawner.cs using Guid(cd9ce8f266e35d9418f17c25e8030255) Importer(815301076,1909f56bfc062723c751e8b465ee728b)  -> (artifact id: 'c01992b49e2a142386734e661da67e69') in 0.003755 seconds
  Import took 0.006428 seconds .

========================================================================
Received Prepare
Registering precompiled user dll's ...
Registered in 0.000967 seconds.
Begin MonoManager ReloadAssembly
Native extension for WindowsStandalone target not found
Refreshing native plugins compatible for Editor in 0.32 ms, found 1 plugins.
Preloading 0 native plugins for Editor in 0.00 ms.
Invoked RoslynAnalysisRunner static constructor.
RoslynAnalysisRunner will not be running.
RoslynAnalysisRunner has terminated.
Mono: successfully reloaded assembly
- Completed reload, in  0.759 seconds
Platform modules already initialized, skipping
Refreshing native plugins compatible for Editor in 0.32 ms, found 1 plugins.
Preloading 0 native plugins for Editor in 0.00 ms.
Unloading 1824 Unused Serialized files (Serialized files now loaded: 0)
System memory in use before: 88.4 MB.
System memory in use after: 88.5 MB.

Unloading 7 unused Assets to reduce memory usage. Loaded Objects now: 2315.
Total: 1.630900 ms (FindLiveObjects: 0.155600 ms CreateObjectMapping: 0.052900 ms MarkObjects: 1.408200 ms  DeleteObjects: 0.013400 ms)

========================================================================
Received Prepare
Registering precompiled user dll's ...
Registered in 0.001104 seconds.
Begin MonoManager ReloadAssembly
Native extension for WindowsStandalone target not found
Refreshing native plugins compatible for Editor in 0.31 ms, found 1 plugins.
Preloading 0 native plugins for Editor in 0.00 ms.
Invoked RoslynAnalysisRunner static constructor.
RoslynAnalysisRunner will not be running.
RoslynAnalysisRunner has terminated.
Mono: successfully reloaded assembly
- Completed reload, in  0.733 seconds
Platform modules already initialized, skipping
Refreshing native plugins compatible for Editor in 0.32 ms, found 1 plugins.
Preloading 0 native plugins for Editor in 0.00 ms.
Unloading 1824 Unused Serialized files (Serialized files now loaded: 0)
System memory in use before: 88.4 MB.
System memory in use after: 88.5 MB.

Unloading 7 unused Assets to reduce memory usage. Loaded Objects now: 2319.
Total: 1.630100 ms (FindLiveObjects: 0.152900 ms CreateObjectMapping: 0.058200 ms MarkObjects: 1.404200 ms  DeleteObjects: 0.014000 ms)

========================================================================
Received Import Request.
  Time since last request: 551.949554 seconds.
  path: Assets/Danilo Assets/Code/RandomEnemySpawner.cs
  artifactKey: Guid(cd9ce8f266e35d9418f17c25e8030255) Importer(815301076,1909f56bfc062723c751e8b465ee728b)
Start importing Assets/Danilo Assets/Code/RandomEnemySpawner.cs using Guid(cd9ce8f266e35d9418f17c25e8030255) Importer(815301076,1909f56bfc062723c751e8b465ee728b)  -> (artifact id: '2e5be0a1ca6d7f287920ee43d54ca92c') in 0.006658 seconds
  Import took 0.009658 seconds .

========================================================================
Received Import Request.
  Time since last request: 0.023012 seconds.
  path: Assets/Danilo Assets/Code/RandomEnemySpawner.cs
  artifactKey: Guid(cd9ce8f266e35d9418f17c25e8030255) Importer(815301076,1909f56bfc062723c751e8b465ee728b)
Start importing Assets/Danilo Assets/Code/RandomEnemySpawner.cs using Guid(cd9ce8f266e35d9418f17c25e8030255) Importer(815301076,1909f56bfc062723c751e8b465ee728b)  -> (artifact id: '2e5be0a1ca6d7f287920ee43d54ca92c') in 0.004010 seconds
  Import took 0.006629 seconds .

========================================================================
Received Prepare
Registering precompiled user dll's ...
Registered in 0.001006 seconds.
Begin MonoManager ReloadAssembly
Native extension for WindowsStandalone target not found
Refreshing native plugins compatible for Editor in 0.36 ms, found 1 plugins.
Preloading 0 native plugins for Editor in 0.00 ms.
Invoked RoslynAnalysisRunner static constructor.
RoslynAnalysisRunner will not be running.
RoslynAnalysisRunner has terminated.
Mono: successfully reloaded assembly
- Completed reload, in  0.747 seconds
Platform modules already initialized, skipping
Refreshing native plugins compatible for Editor in 0.32 ms, found 1 plugins.
Preloading 0 native plugins for Editor in 0.00 ms.
Unloading 1824 Unused Serialized files (Serialized files now loaded: 0)
System memory in use before: 88.4 MB.
System memory in use after: 88.5 MB.

Unloading 7 unused Assets to reduce memory usage. Loaded Objects now: 2323.
Total: 6.307100 ms (FindLiveObjects: 0.501500 ms CreateObjectMapping: 0.301400 ms MarkObjects: 5.452400 ms  DeleteObjects: 0.047700 ms)

========================================================================
Received Import Request.
  Time since last request: 11.756371 seconds.
  path: Assets/Danilo Assets/Code/SmoothMovement.cs
  artifactKey: Guid(3f4519e31ff85824298c168ed551f574) Importer(815301076,1909f56bfc062723c751e8b465ee728b)
Start importing Assets/Danilo Assets/Code/SmoothMovement.cs using Guid(3f4519e31ff85824298c168ed551f574) Importer(815301076,1909f56bfc062723c751e8b465ee728b)  -> (artifact id: '18e66527fd3699cf497bf72feb308aef') in 0.006948 seconds
  Import took 0.010254 seconds .

========================================================================
Received Import Request.
  Time since last request: 0.000662 seconds.
  path: Assets/Danilo Assets/Code/SmoothMovement.cs
  artifactKey: Guid(3f4519e31ff85824298c168ed551f574) Importer(815301076,1909f56bfc062723c751e8b465ee728b)
Start importing Assets/Danilo Assets/Code/SmoothMovement.cs using Guid(3f4519e31ff85824298c168ed551f574) Importer(815301076,1909f56bfc062723c751e8b465ee728b)  -> (artifact id: '18e66527fd3699cf497bf72feb308aef') in 0.004331 seconds
  Import took 0.007121 seconds .

========================================================================
Received Prepare
Registering precompiled user dll's ...
Registered in 0.001055 seconds.
Begin MonoManager ReloadAssembly
Native extension for WindowsStandalone target not found
Refreshing native plugins compatible for Editor in 0.32 ms, found 1 plugins.
Preloading 0 native plugins for Editor in 0.00 ms.
Invoked RoslynAnalysisRunner static constructor.
RoslynAnalysisRunner will not be running.
RoslynAnalysisRunner has terminated.
Mono: successfully reloaded assembly
- Completed reload, in  0.751 seconds
Platform modules already initialized, skipping
Refreshing native plugins compatible for Editor in 0.32 ms, found 1 plugins.
Preloading 0 native plugins for Editor in 0.00 ms.
Unloading 1824 Unused Serialized files (Serialized files now loaded: 0)
System memory in use before: 88.4 MB.
System memory in use after: 88.5 MB.

Unloading 7 unused Assets to reduce memory usage. Loaded Objects now: 2327.
Total: 3.415100 ms (FindLiveObjects: 0.361600 ms CreateObjectMapping: 0.156800 ms MarkObjects: 2.860900 ms  DeleteObjects: 0.034000 ms)

========================================================================
Received Import Request.
  Time since last request: 64.735897 seconds.
  path: Assets/Danilo Assets/Code/SmoothMovement.cs
  artifactKey: Guid(3f4519e31ff85824298c168ed551f574) Importer(815301076,1909f56bfc062723c751e8b465ee728b)
Start importing Assets/Danilo Assets/Code/SmoothMovement.cs using Guid(3f4519e31ff85824298c168ed551f574) Importer(815301076,1909f56bfc062723c751e8b465ee728b)  -> (artifact id: 'f1c9eaff31e2927e797459f8764c7553') in 0.007049 seconds
  Import took 0.010519 seconds .

========================================================================
Received Prepare
Registering precompiled user dll's ...
Registered in 0.000995 seconds.
Begin MonoManager ReloadAssembly
Native extension for WindowsStandalone target not found
Refreshing native plugins compatible for Editor in 0.32 ms, found 1 plugins.
Preloading 0 native plugins for Editor in 0.00 ms.
Invoked RoslynAnalysisRunner static constructor.
RoslynAnalysisRunner will not be running.
RoslynAnalysisRunner has terminated.
Mono: successfully reloaded assembly
- Completed reload, in  0.735 seconds
Platform modules already initialized, skipping
Refreshing native plugins compatible for Editor in 0.33 ms, found 1 plugins.
Preloading 0 native plugins for Editor in 0.00 ms.
Unloading 1824 Unused Serialized files (Serialized files now loaded: 0)
System memory in use before: 88.4 MB.
System memory in use after: 88.5 MB.

Unloading 7 unused Assets to reduce memory usage. Loaded Objects now: 2331.
Total: 1.667700 ms (FindLiveObjects: 0.148700 ms CreateObjectMapping: 0.053800 ms MarkObjects: 1.450400 ms  DeleteObjects: 0.014100 ms)

========================================================================
Received Import Request.
  Time since last request: 22.800310 seconds.
  path: Assets/Danilo Assets/Code/SmoothMovement.cs
  artifactKey: Guid(3f4519e31ff85824298c168ed551f574) Importer(815301076,1909f56bfc062723c751e8b465ee728b)
Start importing Assets/Danilo Assets/Code/SmoothMovement.cs using Guid(3f4519e31ff85824298c168ed551f574) Importer(815301076,1909f56bfc062723c751e8b465ee728b)  -> (artifact id: '90b064b1e804da42e6593ed05ba94ffd') in 0.005694 seconds
  Import took 0.008159 seconds .

========================================================================
Received Prepare
Registering precompiled user dll's ...
Registered in 0.000997 seconds.
Begin MonoManager ReloadAssembly
Native extension for WindowsStandalone target not found
Refreshing native plugins compatible for Editor in 0.32 ms, found 1 plugins.
Preloading 0 native plugins for Editor in 0.00 ms.
Invoked RoslynAnalysisRunner static constructor.
RoslynAnalysisRunner will not be running.
RoslynAnalysisRunner has terminated.
Mono: successfully reloaded assembly
- Completed reload, in  0.739 seconds
Platform modules already initialized, skipping
Refreshing native plugins compatible for Editor in 0.32 ms, found 1 plugins.
Preloading 0 native plugins for Editor in 0.00 ms.
Unloading 1824 Unused Serialized files (Serialized files now loaded: 0)
System memory in use before: 88.4 MB.
System memory in use after: 88.5 MB.

Unloading 7 unused Assets to reduce memory usage. Loaded Objects now: 2335.
Total: 6.301500 ms (FindLiveObjects: 0.579300 ms CreateObjectMapping: 0.266600 ms MarkObjects: 5.396100 ms  DeleteObjects: 0.056300 ms)

========================================================================
Received Import Request.
  Time since last request: 36.240033 seconds.
  path: Assets/Danilo Assets/Code/SmoothMovement.cs
  artifactKey: Guid(3f4519e31ff85824298c168ed551f574) Importer(815301076,1909f56bfc062723c751e8b465ee728b)
Start importing Assets/Danilo Assets/Code/SmoothMovement.cs using Guid(3f4519e31ff85824298c168ed551f574) Importer(815301076,1909f56bfc062723c751e8b465ee728b)  -> (artifact id: '93f178953fce30406eb536f111f7ff65') in 0.020673 seconds
  Import took 0.029387 seconds .

========================================================================
Received Prepare
Registering precompiled user dll's ...
Registered in 0.000973 seconds.
Begin MonoManager ReloadAssembly
Native extension for WindowsStandalone target not found
Refreshing native plugins compatible for Editor in 0.32 ms, found 1 plugins.
Preloading 0 native plugins for Editor in 0.00 ms.
Invoked RoslynAnalysisRunner static constructor.
RoslynAnalysisRunner will not be running.
RoslynAnalysisRunner has terminated.
Mono: successfully reloaded assembly
- Completed reload, in  0.749 seconds
Platform modules already initialized, skipping
Refreshing native plugins compatible for Editor in 0.33 ms, found 1 plugins.
Preloading 0 native plugins for Editor in 0.00 ms.
Unloading 1824 Unused Serialized files (Serialized files now loaded: 0)
System memory in use before: 88.4 MB.
System memory in use after: 88.6 MB.

Unloading 7 unused Assets to reduce memory usage. Loaded Objects now: 2339.
Total: 1.622500 ms (FindLiveObjects: 0.154100 ms CreateObjectMapping: 0.058500 ms MarkObjects: 1.395100 ms  DeleteObjects: 0.013900 ms)

========================================================================
Received Prepare
Registering precompiled user dll's ...
Registered in 0.000970 seconds.
Begin MonoManager ReloadAssembly
Native extension for WindowsStandalone target not found
Refreshing native plugins compatible for Editor in 0.35 ms, found 1 plugins.
Preloading 0 native plugins for Editor in 0.00 ms.
Invoked RoslynAnalysisRunner static constructor.
RoslynAnalysisRunner will not be running.
RoslynAnalysisRunner has terminated.
Mono: successfully reloaded assembly
- Completed reload, in  0.744 seconds
Platform modules already initialized, skipping
Refreshing native plugins compatible for Editor in 0.34 ms, found 1 plugins.
Preloading 0 native plugins for Editor in 0.00 ms.
Unloading 1824 Unused Serialized files (Serialized files now loaded: 0)
System memory in use before: 88.4 MB.
System memory in use after: 88.6 MB.

Unloading 7 unused Assets to reduce memory usage. Loaded Objects now: 2343.
Total: 1.781200 ms (FindLiveObjects: 0.170300 ms CreateObjectMapping: 0.064900 ms MarkObjects: 1.529200 ms  DeleteObjects: 0.015900 ms)

========================================================================
Received Prepare
Registering precompiled user dll's ...
Registered in 0.001090 seconds.
Begin MonoManager ReloadAssembly
Native extension for WindowsStandalone target not found
Refreshing native plugins compatible for Editor in 0.32 ms, found 1 plugins.
Preloading 0 native plugins for Editor in 0.00 ms.
Invoked RoslynAnalysisRunner static constructor.
RoslynAnalysisRunner will not be running.
RoslynAnalysisRunner has terminated.
Mono: successfully reloaded assembly
- Completed reload, in  0.790 seconds
Platform modules already initialized, skipping
Refreshing native plugins compatible for Editor in 0.54 ms, found 1 plugins.
Preloading 0 native plugins for Editor in 0.00 ms.
Unloading 1824 Unused Serialized files (Serialized files now loaded: 0)
System memory in use before: 88.5 MB.
System memory in use after: 88.6 MB.

Unloading 7 unused Assets to reduce memory usage. Loaded Objects now: 2347.
Total: 1.647100 ms (FindLiveObjects: 0.168400 ms CreateObjectMapping: 0.066000 ms MarkObjects: 1.395100 ms  DeleteObjects: 0.016700 ms)

========================================================================
Received Prepare
Registering precompiled user dll's ...
Registered in 0.001010 seconds.
Begin MonoManager ReloadAssembly
Native extension for WindowsStandalone target not found
Refreshing native plugins compatible for Editor in 0.34 ms, found 1 plugins.
Preloading 0 native plugins for Editor in 0.00 ms.
Invoked RoslynAnalysisRunner static constructor.
RoslynAnalysisRunner will not be running.
RoslynAnalysisRunner has terminated.
Mono: successfully reloaded assembly
- Completed reload, in  0.744 seconds
Platform modules already initialized, skipping
Refreshing native plugins compatible for Editor in 0.32 ms, found 1 plugins.
Preloading 0 native plugins for Editor in 0.00 ms.
Unloading 1824 Unused Serialized files (Serialized files now loaded: 0)
System memory in use before: 88.5 MB.
System memory in use after: 88.6 MB.

Unloading 7 unused Assets to reduce memory usage. Loaded Objects now: 2351.
Total: 6.054100 ms (FindLiveObjects: 0.499500 ms CreateObjectMapping: 0.273500 ms MarkObjects: 5.230800 ms  DeleteObjects: 0.046900 ms)

========================================================================
Received Prepare
Registering precompiled user dll's ...
Registered in 0.000984 seconds.
Begin MonoManager ReloadAssembly
Native extension for WindowsStandalone target not found
Refreshing native plugins compatible for Editor in 0.44 ms, found 1 plugins.
Preloading 0 native plugins for Editor in 0.00 ms.
Invoked RoslynAnalysisRunner static constructor.
RoslynAnalysisRunner will not be running.
RoslynAnalysisRunner has terminated.
Mono: successfully reloaded assembly
- Completed reload, in  0.753 seconds
Platform modules already initialized, skipping
Refreshing native plugins compatible for Editor in 0.32 ms, found 1 plugins.
Preloading 0 native plugins for Editor in 0.00 ms.
Unloading 1824 Unused Serialized files (Serialized files now loaded: 0)
System memory in use before: 88.5 MB.
System memory in use after: 88.6 MB.

Unloading 7 unused Assets to reduce memory usage. Loaded Objects now: 2355.
Total: 1.689500 ms (FindLiveObjects: 0.156500 ms CreateObjectMapping: 0.059900 ms MarkObjects: 1.460400 ms  DeleteObjects: 0.011800 ms)

========================================================================
Received Prepare
Registering precompiled user dll's ...
Registered in 0.001022 seconds.
Begin MonoManager ReloadAssembly
Native extension for WindowsStandalone target not found
Refreshing native plugins compatible for Editor in 0.49 ms, found 1 plugins.
Preloading 0 native plugins for Editor in 0.00 ms.
Invoked RoslynAnalysisRunner static constructor.
RoslynAnalysisRunner will not be running.
RoslynAnalysisRunner has terminated.
Mono: successfully reloaded assembly
- Completed reload, in  0.766 seconds
Platform modules already initialized, skipping
Refreshing native plugins compatible for Editor in 0.32 ms, found 1 plugins.
Preloading 0 native plugins for Editor in 0.00 ms.
Unloading 1824 Unused Serialized files (Serialized files now loaded: 0)
System memory in use before: 88.5 MB.
System memory in use after: 88.6 MB.

Unloading 7 unused Assets to reduce memory usage. Loaded Objects now: 2359.
Total: 1.740500 ms (FindLiveObjects: 0.171300 ms CreateObjectMapping: 0.062600 ms MarkObjects: 1.489100 ms  DeleteObjects: 0.016600 ms)

========================================================================
Received Prepare
Registering precompiled user dll's ...
Registered in 0.000963 seconds.
Begin MonoManager ReloadAssembly
Native extension for WindowsStandalone target not found
Refreshing native plugins compatible for Editor in 0.32 ms, found 1 plugins.
Preloading 0 native plugins for Editor in 0.00 ms.
Invoked RoslynAnalysisRunner static constructor.
RoslynAnalysisRunner will not be running.
RoslynAnalysisRunner has terminated.
Mono: successfully reloaded assembly
- Completed reload, in  0.751 seconds
Platform modules already initialized, skipping
Refreshing native plugins compatible for Editor in 0.34 ms, found 1 plugins.
Preloading 0 native plugins for Editor in 0.00 ms.
Unloading 1824 Unused Serialized files (Serialized files now loaded: 0)
System memory in use before: 88.5 MB.
System memory in use after: 88.6 MB.

Unloading 7 unused Assets to reduce memory usage. Loaded Objects now: 2363.
Total: 1.842800 ms (FindLiveObjects: 0.198400 ms CreateObjectMapping: 0.071000 ms MarkObjects: 1.556800 ms  DeleteObjects: 0.015600 ms)

========================================================================
Received Prepare
Registering precompiled user dll's ...
Registered in 0.001080 seconds.
Begin MonoManager ReloadAssembly
Native extension for WindowsStandalone target not found
Refreshing native plugins compatible for Editor in 0.32 ms, found 1 plugins.
Preloading 0 native plugins for Editor in 0.00 ms.
Invoked RoslynAnalysisRunner static constructor.
RoslynAnalysisRunner will not be running.
RoslynAnalysisRunner has terminated.
Mono: successfully reloaded assembly
- Completed reload, in  0.743 seconds
Platform modules already initialized, skipping
Refreshing native plugins compatible for Editor in 0.32 ms, found 1 plugins.
Preloading 0 native plugins for Editor in 0.00 ms.
Unloading 1824 Unused Serialized files (Serialized files now loaded: 0)
System memory in use before: 88.5 MB.
System memory in use after: 88.6 MB.

Unloading 7 unused Assets to reduce memory usage. Loaded Objects now: 2367.
Total: 1.725000 ms (FindLiveObjects: 0.169300 ms CreateObjectMapping: 0.057400 ms MarkObjects: 1.480000 ms  DeleteObjects: 0.017300 ms)

========================================================================
Received Import Request.
  Time since last request: 1368.300556 seconds.
  path: Assets/Danilo Assets/Sprites/PlayerSprites/SwordSprites/Character up sprite Weapons.png
  artifactKey: Guid(f33467052fa387f4f9f146e08e7446a1) Importer(815301076,1909f56bfc062723c751e8b465ee728b)
Start importing Assets/Danilo Assets/Sprites/PlayerSprites/SwordSprites/Character up sprite Weapons.png using Guid(f33467052fa387f4f9f146e08e7446a1) Importer(815301076,1909f56bfc062723c751e8b465ee728b)  -> (artifact id: '87a53bf1a8f446a5a9d8d643eb512ed6') in 0.064260 seconds
  Import took 0.068111 seconds .

========================================================================
Received Prepare
Registering precompiled user dll's ...
Registered in 0.000991 seconds.
Begin MonoManager ReloadAssembly
Native extension for WindowsStandalone target not found
Refreshing native plugins compatible for Editor in 0.32 ms, found 1 plugins.
Preloading 0 native plugins for Editor in 0.00 ms.
Invoked RoslynAnalysisRunner static constructor.
RoslynAnalysisRunner will not be running.
RoslynAnalysisRunner has terminated.
Mono: successfully reloaded assembly
- Completed reload, in  0.737 seconds
Platform modules already initialized, skipping
Refreshing native plugins compatible for Editor in 0.33 ms, found 1 plugins.
Preloading 0 native plugins for Editor in 0.00 ms.
Unloading 1824 Unused Serialized files (Serialized files now loaded: 0)
System memory in use before: 88.5 MB.
System memory in use after: 88.6 MB.

Unloading 7 unused Assets to reduce memory usage. Loaded Objects now: 2372.
Total: 1.678200 ms (FindLiveObjects: 0.184200 ms CreateObjectMapping: 0.067500 ms MarkObjects: 1.412500 ms  DeleteObjects: 0.012600 ms)

========================================================================
Received Prepare
Registering precompiled user dll's ...
Registered in 0.000927 seconds.
Begin MonoManager ReloadAssembly
Native extension for WindowsStandalone target not found
Refreshing native plugins compatible for Editor in 0.32 ms, found 1 plugins.
Preloading 0 native plugins for Editor in 0.00 ms.
Invoked RoslynAnalysisRunner static constructor.
RoslynAnalysisRunner will not be running.
RoslynAnalysisRunner has terminated.
Mono: successfully reloaded assembly
- Completed reload, in  0.727 seconds
Platform modules already initialized, skipping
Refreshing native plugins compatible for Editor in 0.32 ms, found 1 plugins.
Preloading 0 native plugins for Editor in 0.00 ms.
Unloading 1824 Unused Serialized files (Serialized files now loaded: 0)
System memory in use before: 88.5 MB.
System memory in use after: 88.6 MB.

Unloading 7 unused Assets to reduce memory usage. Loaded Objects now: 2376.
Total: 1.600000 ms (FindLiveObjects: 0.153600 ms CreateObjectMapping: 0.055200 ms MarkObjects: 1.378000 ms  DeleteObjects: 0.012400 ms)

========================================================================
Received Import Request.
  Time since last request: 86.309740 seconds.
  path: Assets/Danilo Assets/Sprites/PlayerSprites/SwordSprites/Character down sprite Swords.png
  artifactKey: Guid(b09532a3a886a3e4187aeb27f47e7fab) Importer(815301076,1909f56bfc062723c751e8b465ee728b)
Start importing Assets/Danilo Assets/Sprites/PlayerSprites/SwordSprites/Character down sprite Swords.png using Guid(b09532a3a886a3e4187aeb27f47e7fab) Importer(815301076,1909f56bfc062723c751e8b465ee728b)  -> (artifact id: 'a898c784cfd523e176c366b2aabbe589') in 0.053922 seconds
  Import took 0.057210 seconds .

========================================================================
Received Import Request.
  Time since last request: 0.000219 seconds.
  path: Assets/Danilo Assets/Sprites/PlayerSprites/SwordSprites/Character up sprite Weapons.png
  artifactKey: Guid(f33467052fa387f4f9f146e08e7446a1) Importer(815301076,1909f56bfc062723c751e8b465ee728b)
Start importing Assets/Danilo Assets/Sprites/PlayerSprites/SwordSprites/Character up sprite Weapons.png using Guid(f33467052fa387f4f9f146e08e7446a1) Importer(815301076,1909f56bfc062723c751e8b465ee728b)  -> (artifact id: '23482170183b00c1053807afaa0eff64') in 0.019641 seconds
  Import took 0.023011 seconds .

========================================================================
Received Import Request.
  Time since last request: 0.000225 seconds.
  path: Assets/Danilo Assets/Sprites/PlayerSprites/SwordSprites/Character Sword Stationary - Left.png
  artifactKey: Guid(a3e6f1d38747df24489971ba2edef861) Importer(815301076,1909f56bfc062723c751e8b465ee728b)
Start importing Assets/Danilo Assets/Sprites/PlayerSprites/SwordSprites/Character Sword Stationary - Left.png using Guid(a3e6f1d38747df24489971ba2edef861) Importer(815301076,1909f56bfc062723c751e8b465ee728b)  -> (artifact id: 'd29bc7b5a9efd8c2afdfeaa4085d0c9c') in 0.014389 seconds
  Import took 0.017556 seconds .

========================================================================
Received Import Request.
  Time since last request: 0.000233 seconds.
  path: Assets/Danilo Assets/Sprites/PlayerSprites/SwordSprites/Character Sprite right swords.png
  artifactKey: Guid(456629a6d2d148d4d838840f361af82a) Importer(815301076,1909f56bfc062723c751e8b465ee728b)
Start importing Assets/Danilo Assets/Sprites/PlayerSprites/SwordSprites/Character Sprite right swords.png using Guid(456629a6d2d148d4d838840f361af82a) Importer(815301076,1909f56bfc062723c751e8b465ee728b)  -> (artifact id: '2d960aa4718f5f7163bed9f3cea16867') in 0.014353 seconds
  Import took 0.017036 seconds .

========================================================================
Received Import Request.
  Time since last request: 0.000217 seconds.
  path: Assets/Danilo Assets/Sprites/PlayerSprites/SwordSprites/Character Sword Stationary - Up.png
  artifactKey: Guid(07dafbf9dd4c0374bb7eb25e90ba27eb) Importer(815301076,1909f56bfc062723c751e8b465ee728b)
Start importing Assets/Danilo Assets/Sprites/PlayerSprites/SwordSprites/Character Sword Stationary - Up.png using Guid(07dafbf9dd4c0374bb7eb25e90ba27eb) Importer(815301076,1909f56bfc062723c751e8b465ee728b)  -> (artifact id: '03f98dc796a5b4035f198c0b1c57fd56') in 0.017606 seconds
  Import took 0.020117 seconds .

========================================================================
Received Import Request.
  Time since last request: 0.000210 seconds.
  path: Assets/Danilo Assets/Sprites/PlayerSprites/SwordSprites/Character Sword Stationary.png
  artifactKey: Guid(95548e618f0f3b040a88edea1dd66991) Importer(815301076,1909f56bfc062723c751e8b465ee728b)
Start importing Assets/Danilo Assets/Sprites/PlayerSprites/SwordSprites/Character Sword Stationary.png using Guid(95548e618f0f3b040a88edea1dd66991) Importer(815301076,1909f56bfc062723c751e8b465ee728b)  -> (artifact id: '1259f4fd9aee46e53e0313e37bb5f439') in 0.024840 seconds
  Import took 0.027432 seconds .

========================================================================
Received Import Request.
  Time since last request: 0.000237 seconds.
  path: Assets/Danilo Assets/Sprites/PlayerSprites/SwordSprites/Character Swords Stationary - Down.png
  artifactKey: Guid(04f3d779f8633634e8c110eb90e0a6db) Importer(815301076,1909f56bfc062723c751e8b465ee728b)
Start importing Assets/Danilo Assets/Sprites/PlayerSprites/SwordSprites/Character Swords Stationary - Down.png using Guid(04f3d779f8633634e8c110eb90e0a6db) Importer(815301076,1909f56bfc062723c751e8b465ee728b)  -> (artifact id: 'd7e709d41c390140d5f7e71287d420ce') in 0.015924 seconds
  Import took 0.018553 seconds .

========================================================================
Received Import Request.
  Time since last request: 0.000181 seconds.
  path: Assets/Danilo Assets/Sprites/PlayerSprites/SwordSprites/Character Sprite Sword Walking - Left.png
  artifactKey: Guid(c8ad8e6d849959043ba6ea3f9f83fbdf) Importer(815301076,1909f56bfc062723c751e8b465ee728b)
Start importing Assets/Danilo Assets/Sprites/PlayerSprites/SwordSprites/Character Sprite Sword Walking - Left.png using Guid(c8ad8e6d849959043ba6ea3f9f83fbdf) Importer(815301076,1909f56bfc062723c751e8b465ee728b)  -> (artifact id: '7f2bbd22f0f03b62a74c80929fbf5108') in 0.014911 seconds
  Import took 0.017429 seconds .

========================================================================
Received Import Request.
  Time since last request: 15.124655 seconds.
  path: Assets/Danilo Assets/Sprites/PlayerSprites/SwordSprites/Character down sprite Swords.png
  artifactKey: Guid(b09532a3a886a3e4187aeb27f47e7fab) Importer(815301076,1909f56bfc062723c751e8b465ee728b)
Start importing Assets/Danilo Assets/Sprites/PlayerSprites/SwordSprites/Character down sprite Swords.png using Guid(b09532a3a886a3e4187aeb27f47e7fab) Importer(815301076,1909f56bfc062723c751e8b465ee728b)  -> (artifact id: '6ba36282661d10a4f7cd8ed2dae91c45') in 0.021794 seconds
  Import took 0.026438 seconds .

========================================================================
Received Import Request.
  Time since last request: 0.000241 seconds.
  path: Assets/Danilo Assets/Sprites/PlayerSprites/SwordSprites/Character up sprite Weapons.png
  artifactKey: Guid(f33467052fa387f4f9f146e08e7446a1) Importer(815301076,1909f56bfc062723c751e8b465ee728b)
Start importing Assets/Danilo Assets/Sprites/PlayerSprites/SwordSprites/Character up sprite Weapons.png using Guid(f33467052fa387f4f9f146e08e7446a1) Importer(815301076,1909f56bfc062723c751e8b465ee728b)  -> (artifact id: '7c362d9ad1e82271374998a11b8a88c9') in 0.018094 seconds
  Import took 0.021435 seconds .

========================================================================
Received Import Request.
  Time since last request: 0.000171 seconds.
  path: Assets/Danilo Assets/Sprites/PlayerSprites/SwordSprites/Character Sword Stationary - Left.png
  artifactKey: Guid(a3e6f1d38747df24489971ba2edef861) Importer(815301076,1909f56bfc062723c751e8b465ee728b)
Start importing Assets/Danilo Assets/Sprites/PlayerSprites/SwordSprites/Character Sword Stationary - Left.png using Guid(a3e6f1d38747df24489971ba2edef861) Importer(815301076,1909f56bfc062723c751e8b465ee728b)  -> (artifact id: '22bac05149e11cdf3e1571f4583cff55') in 0.013768 seconds
  Import took 0.016467 seconds .

========================================================================
Received Import Request.
  Time since last request: 0.000166 seconds.
  path: Assets/Danilo Assets/Sprites/PlayerSprites/SwordSprites/Character Sprite right swords.png
  artifactKey: Guid(456629a6d2d148d4d838840f361af82a) Importer(815301076,1909f56bfc062723c751e8b465ee728b)
Start importing Assets/Danilo Assets/Sprites/PlayerSprites/SwordSprites/Character Sprite right swords.png using Guid(456629a6d2d148d4d838840f361af82a) Importer(815301076,1909f56bfc062723c751e8b465ee728b)  -> (artifact id: 'b450d1d0252b2409304d4b95a29a2065') in 0.012694 seconds
  Import took 0.015538 seconds .

========================================================================
Received Import Request.
  Time since last request: 0.000190 seconds.
  path: Assets/Danilo Assets/Sprites/PlayerSprites/SwordSprites/Character Sword Stationary - Up.png
  artifactKey: Guid(07dafbf9dd4c0374bb7eb25e90ba27eb) Importer(815301076,1909f56bfc062723c751e8b465ee728b)
Start importing Assets/Danilo Assets/Sprites/PlayerSprites/SwordSprites/Character Sword Stationary - Up.png using Guid(07dafbf9dd4c0374bb7eb25e90ba27eb) Importer(815301076,1909f56bfc062723c751e8b465ee728b)  -> (artifact id: '5bee3b85fc3839ad133b8dccc68ab18b') in 0.013340 seconds
  Import took 0.016239 seconds .

========================================================================
Received Import Request.
  Time since last request: 0.000171 seconds.
  path: Assets/Danilo Assets/Sprites/PlayerSprites/SwordSprites/Character Sword Stationary.png
  artifactKey: Guid(95548e618f0f3b040a88edea1dd66991) Importer(815301076,1909f56bfc062723c751e8b465ee728b)
Start importing Assets/Danilo Assets/Sprites/PlayerSprites/SwordSprites/Character Sword Stationary.png using Guid(95548e618f0f3b040a88edea1dd66991) Importer(815301076,1909f56bfc062723c751e8b465ee728b)  -> (artifact id: '80c3ded2da95727fee0aa23d2a41210a') in 0.014616 seconds
  Import took 0.026939 seconds .

========================================================================
Received Import Request.
  Time since last request: 0.000176 seconds.
  path: Assets/Danilo Assets/Sprites/PlayerSprites/SwordSprites/Character Swords Stationary - Down.png
  artifactKey: Guid(04f3d779f8633634e8c110eb90e0a6db) Importer(815301076,1909f56bfc062723c751e8b465ee728b)
Start importing Assets/Danilo Assets/Sprites/PlayerSprites/SwordSprites/Character Swords Stationary - Down.png using Guid(04f3d779f8633634e8c110eb90e0a6db) Importer(815301076,1909f56bfc062723c751e8b465ee728b)  -> (artifact id: '61ee2f48c97e5d18f61cc223cb74ef6c') in 0.011779 seconds
  Import took 0.014585 seconds .

========================================================================
Received Import Request.
  Time since last request: 0.000177 seconds.
  path: Assets/Danilo Assets/Sprites/PlayerSprites/SwordSprites/Character Sprite Sword Walking - Left.png
  artifactKey: Guid(c8ad8e6d849959043ba6ea3f9f83fbdf) Importer(815301076,1909f56bfc062723c751e8b465ee728b)
Start importing Assets/Danilo Assets/Sprites/PlayerSprites/SwordSprites/Character Sprite Sword Walking - Left.png using Guid(c8ad8e6d849959043ba6ea3f9f83fbdf) Importer(815301076,1909f56bfc062723c751e8b465ee728b)  -> (artifact id: '3bd3adc44d1dbb8077d5f3be60fdc017') in 0.011662 seconds
  Import took 0.014671 seconds .

========================================================================
Received Prepare
Registering precompiled user dll's ...
Registered in 0.000982 seconds.
Begin MonoManager ReloadAssembly
Native extension for WindowsStandalone target not found
Refreshing native plugins compatible for Editor in 0.33 ms, found 1 plugins.
Preloading 0 native plugins for Editor in 0.00 ms.
Invoked RoslynAnalysisRunner static constructor.
RoslynAnalysisRunner will not be running.
RoslynAnalysisRunner has terminated.
Mono: successfully reloaded assembly
- Completed reload, in  0.742 seconds
Platform modules already initialized, skipping
Refreshing native plugins compatible for Editor in 0.32 ms, found 1 plugins.
Preloading 0 native plugins for Editor in 0.00 ms.
Unloading 1824 Unused Serialized files (Serialized files now loaded: 0)
System memory in use before: 88.5 MB.
System memory in use after: 88.7 MB.

Unloading 7 unused Assets to reduce memory usage. Loaded Objects now: 2381.
Total: 4.600500 ms (FindLiveObjects: 0.417300 ms CreateObjectMapping: 0.207600 ms MarkObjects: 3.936700 ms  DeleteObjects: 0.035600 ms)

========================================================================
Received Prepare
Registering precompiled user dll's ...
Registered in 0.000996 seconds.
Begin MonoManager ReloadAssembly
Native extension for WindowsStandalone target not found
Refreshing native plugins compatible for Editor in 0.33 ms, found 1 plugins.
Preloading 0 native plugins for Editor in 0.00 ms.
Invoked RoslynAnalysisRunner static constructor.
RoslynAnalysisRunner will not be running.
RoslynAnalysisRunner has terminated.
Mono: successfully reloaded assembly
- Completed reload, in  0.733 seconds
Platform modules already initialized, skipping
Refreshing native plugins compatible for Editor in 0.32 ms, found 1 plugins.
Preloading 0 native plugins for Editor in 0.00 ms.
Unloading 1824 Unused Serialized files (Serialized files now loaded: 0)
System memory in use before: 88.6 MB.
System memory in use after: 88.7 MB.

Unloading 7 unused Assets to reduce memory usage. Loaded Objects now: 2385.
Total: 1.704900 ms (FindLiveObjects: 0.168700 ms CreateObjectMapping: 0.062600 ms MarkObjects: 1.460200 ms  DeleteObjects: 0.012400 ms)

========================================================================
Received Prepare
Registering precompiled user dll's ...
Registered in 0.001057 seconds.
Begin MonoManager ReloadAssembly
Native extension for WindowsStandalone target not found
Refreshing native plugins compatible for Editor in 0.32 ms, found 1 plugins.
Preloading 0 native plugins for Editor in 0.00 ms.
Invoked RoslynAnalysisRunner static constructor.
RoslynAnalysisRunner will not be running.
RoslynAnalysisRunner has terminated.
Mono: successfully reloaded assembly
- Completed reload, in  0.726 seconds
Platform modules already initialized, skipping
Refreshing native plugins compatible for Editor in 0.32 ms, found 1 plugins.
Preloading 0 native plugins for Editor in 0.00 ms.
Unloading 1824 Unused Serialized files (Serialized files now loaded: 0)
System memory in use before: 88.6 MB.
System memory in use after: 88.7 MB.

Unloading 7 unused Assets to reduce memory usage. Loaded Objects now: 2389.
Total: 1.624000 ms (FindLiveObjects: 0.153600 ms CreateObjectMapping: 0.056900 ms MarkObjects: 1.400600 ms  DeleteObjects: 0.012100 ms)

AssetImportWorkerClient::OnTransportError - code=2 error=End of file
